#
# There is insufficient memory for the Java Runtime Environment to continue.
# Native memory allocation (malloc) failed to allocate 1048576 bytes for AllocateHeap
# Possible reasons:
#   The system is out of physical RAM or swap space
#   The process is running with CompressedOops enabled, and the Java Heap may be blocking the growth of the native heap
# Possible solutions:
#   Reduce memory load on the system
#   Increase physical memory or swap space
#   Check if swap backing store is full
#   Decrease Java heap size (-Xmx/-Xms)
#   Decrease number of Java threads
#   Decrease Java thread stack sizes (-Xss)
#   Set larger code cache with -XX:ReservedCodeCacheSize=
#   JVM is running with Unscaled Compressed Oops mode in which the Java heap is
#     placed in the first 4GB address space. The Java Heap base address is the
#     maximum limit for the native heap growth. Please use -XX:HeapBaseMinAddress
#     to set the Java Heap base and to place the Java Heap above 4GB virtual address.
# This output file may be truncated or incomplete.
#
#  Out of Memory Error (t:/workspace/open/src/hotspot/share/memory/allocation.cpp:46), pid=6748, tid=10660
#
# JRE version: Java(TM) SE Runtime Environment (11.0.5+10) (build 11.0.5+10-LTS)
# Java VM: Java HotSpot(TM) 64-Bit Server VM (11.0.5+10-LTS, mixed mode, tiered, compressed oops, g1 gc, windows-amd64)
# No core dump will be written. Minidumps are not enabled by default on client versions of Windows
#

---------------  S U M M A R Y ------------

Command Line: -Dapplication.home=D:\ProGram --add-modules=ALL-DEFAULT -Xms8m -Djdk.module.main=jdk.compiler jdk.compiler/com.sun.tools.javac.Main -d C:\Users\COMPUTER\Documents\NetBeansProjects\SnackGame\build\classes -classpath C:\Users\COMPUTER\Documents\NetBeansProjects\SnackGame\build\classes -sourcepath C:\Users\COMPUTER\Documents\NetBeansProjects\SnackGame\build\empty -target 11 -encoding UTF-8 -g -processorpath C:\Users\COMPUTER\Documents\NetBeansProjects\SnackGame\build\empty -s C:\Users\COMPUTER\Documents\NetBeansProjects\SnackGame\build\generated-sources\ap-source-output -source 11 C:\Users\COMPUTER\Documents\NetBeansProjects\SnackGame\src\snackgame\MyBody.java

Host: AMD Ryzen 5 3550H with Radeon Vega Mobile Gfx  , 8 cores, 5G,  Windows 10 , 64 bit Build 17763 (10.0.17763.475)
Time: Thu Apr  2 04:04:32 2020 SE Asia Standard Time elapsed time: 0 seconds (0d 0h 0m 0s)

---------------  T H R E A D  ---------------

Current thread (0x0000013b75c37000):  VMThread "VM Thread" [stack: 0x0000002fca200000,0x0000002fca300000] [id=10660]

Stack: [0x0000002fca200000,0x0000002fca300000]
[error occurred during error reporting (printing stack bounds), id 0xc0000005, EXCEPTION_ACCESS_VIOLATION (0xc0000005) at pc=0x0000013b5fea0bad]

Native frames: (J=compiled Java code, j=interpreted, Vv=VM code, C=native code)
V  [jvm.dll+0x63611a]
V  [jvm.dll+0x77426f]
V  [jvm.dll+0x77591a]
V  [jvm.dll+0x775f35]
V  [jvm.dll+0x775eeb]
V  [jvm.dll+0x635826]
V  [jvm.dll+0x635be8]
C  [ntdll.dll+0xa478f]
C  [ntdll.dll+0x4bef]
C  [ntdll.dll+0xa34fe]
C  0x0000013b5fea0bad

VM_Operation (0x0000002fc9cfce80): CollectForMetadataAllocation, mode: safepoint, requested by thread 0x0000013b57b3e000


---------------  P R O C E S S  ---------------

Threads class SMR info:
_java_thread_list=0x0000013b75fe11e0, length=10, elements={
0x0000013b57b3e000, 0x0000013b75c39000, 0x0000013b75c3a800, 0x0000013b75cbd000,
0x0000013b75cbe000, 0x0000013b75cc0000, 0x0000013b75cc3000, 0x0000013b75cc8800,
0x0000013b75f49000, 0x0000013b76007800
}

Java Threads: ( => current thread )
  0x0000013b57b3e000 JavaThread "main" [_thread_blocked, id=3588, stack(0x0000002fc9c00000,0x0000002fc9d00000)]
  0x0000013b75c39000 JavaThread "Reference Handler" daemon [_thread_blocked, id=2244, stack(0x0000002fca300000,0x0000002fca400000)]
  0x0000013b75c3a800 JavaThread "Finalizer" daemon [_thread_blocked, id=3104, stack(0x0000002fca400000,0x0000002fca500000)]
  0x0000013b75cbd000 JavaThread "Signal Dispatcher" daemon [_thread_blocked, id=7508, stack(0x0000002fca500000,0x0000002fca600000)]
  0x0000013b75cbe000 JavaThread "Attach Listener" daemon [_thread_blocked, id=13128, stack(0x0000002fca600000,0x0000002fca700000)]
  0x0000013b75cc0000 JavaThread "C2 CompilerThread0" daemon [_thread_blocked, id=1800, stack(0x0000002fca700000,0x0000002fca800000)]
  0x0000013b75cc3000 JavaThread "C1 CompilerThread0" daemon [_thread_blocked, id=5036, stack(0x0000002fca800000,0x0000002fca900000)]
  0x0000013b75cc8800 JavaThread "Sweeper thread" daemon [_thread_blocked, id=10024, stack(0x0000002fca900000,0x0000002fcaa00000)]
  0x0000013b75f49000 JavaThread "Common-Cleaner" daemon [_thread_blocked, id=11760, stack(0x0000002fcaa00000,0x0000002fcab00000)]
  0x0000013b76007800 JavaThread "Service Thread" daemon [_thread_blocked, id=13100, stack(0x0000002fcab00000,0x0000002fcac00000)]

Other Threads:
=>0x0000013b75c37000 VMThread "VM Thread" [stack: 0x0000002fca200000,0x0000002fca300000] [id=10660]
  0x0000013b76106800 WatcherThread [stack: 0x0000002fcac00000,0x0000002fcad00000] [id=14148]
  0x0000013b57b55800 GCTaskThread "GC Thread#0" [stack: 0x0000002fc9d00000,0x0000002fc9e00000] [id=4116]
  0x0000013b76242800 GCTaskThread "GC Thread#1" [stack: 0x0000002fcad00000,0x0000002fcae00000] [id=1332]
  0x0000013b57b7b000 ConcurrentGCThread "G1 Main Marker" [stack: 0x0000002fc9e00000,0x0000002fc9f00000] [id=4928]
  0x0000013b57b7d000 ConcurrentGCThread "G1 Conc#0" [stack: 0x0000002fc9f00000,0x0000002fca000000] [id=14184]
  0x0000013b761ed000 ConcurrentGCThread "G1 Conc#1" [stack: 0x0000002fcae00000,0x0000002fcaf00000] [id=7076]
  0x0000013b57bad000 ConcurrentGCThread "G1 Refine#0" [stack: 0x0000002fca000000,0x0000002fca100000] [id=13048]
  0x0000013b57bb0000 ConcurrentGCThread "G1 Young RemSet Sampling" [stack: 0x0000002fca100000,0x0000002fca200000] [id=13988]

Threads with active compile tasks:

VM state:at safepoint (normal execution)

VM Mutex/Monitor currently owned by a thread:  ([mutex/lock_event])
[0x0000013b57b39b60] Threads_lock - owner thread: 0x0000013b75c37000
[0x0000013b57b39e30] Heap_lock - owner thread: 0x0000013b57b3e000

Heap address: 0x00000000a0e00000, size: 1522 MB, Compressed Oops mode: 32-bit
Narrow klass base: 0x0000000000000000, Narrow klass shift: 3
Compressed class space size: 1073741824 Address: 0x0000000100000000

Heap:
 garbage-first heap   total 8192K, used 1679K [0x00000000a0e00000, 0x0000000100000000)
  region size 1024K, 1 young (1024K), 1 survivors (1024K)
 Metaspace       used 10154K, capacity 10294K, committed 10368K, reserved 1079296K
  class space    used 1078K, capacity 1137K, committed 1152K, reserved 1048576K
Heap Regions: E=young(eden), S=young(survivor), O=old, HS=humongous(starts), HC=humongous(continues), CS=collection set, F=free, A=archive, TAMS=top-at-mark-start (previous, next)
|   0|0x00000000a0e00000, 0x00000000a0f00000, 0x00000000a0f00000|100%| O|  |TAMS 0x00000000a0e00000, 0x00000000a0f00000| Untracked 
|   1|0x00000000a0f00000, 0x00000000a0f51400, 0x00000000a1000000| 31%| O|  |TAMS 0x00000000a0f00000, 0x00000000a0f51400| Untracked 
|   2|0x00000000a1000000, 0x00000000a1000000, 0x00000000a1100000|  0%| F|  |TAMS 0x00000000a1000000, 0x00000000a1000000| Untracked 
|   3|0x00000000a1100000, 0x00000000a1100000, 0x00000000a1200000|  0%| F|  |TAMS 0x00000000a1100000, 0x00000000a1100000| Untracked 
|   4|0x00000000a1200000, 0x00000000a1200000, 0x00000000a1300000|  0%| F|  |TAMS 0x00000000a1200000, 0x00000000a1200000| Untracked 
|   5|0x00000000a1300000, 0x00000000a1300000, 0x00000000a1400000|  0%| F|  |TAMS 0x00000000a1300000, 0x00000000a1300000| Untracked 
|   6|0x00000000a1400000, 0x00000000a1452980, 0x00000000a1500000| 32%| S|CS|TAMS 0x00000000a1400000, 0x00000000a1400000| Complete 
|   7|0x00000000a1500000, 0x00000000a1500000, 0x00000000a1600000|  0%| F|  |TAMS 0x00000000a1500000, 0x00000000a1500000| Untracked 

Card table byte_map: [0x0000013b6f4d0000,0x0000013b6f7d0000] _byte_map_base: 0x0000013b6efc9000

Marking Bits (Prev, Next): (CMBitMap*) 0x0000013b57b74208, (CMBitMap*) 0x0000013b57b74240
 Prev Bits: [0x0000013b6fad0000, 0x0000013b71298000)
 Next Bits: [0x0000013b712a0000, 0x0000013b72a68000)

Polling page: 0x0000013b55ab0000

Metaspace:

Usage:
  Non-class:      8.94 MB capacity,     8.86 MB (>99%) used,    69.88 KB ( <1%) free+waste,    11.50 KB ( <1%) overhead. 
      Class:      1.11 MB capacity,     1.05 MB ( 95%) used,    52.74 KB (  5%) free+waste,     5.69 KB ( <1%) overhead. 
       Both:     10.05 MB capacity,     9.92 MB ( 99%) used,   122.62 KB (  1%) free+waste,    17.19 KB ( <1%) overhead. 

Virtual space:
  Non-class space:       30.00 MB reserved,       9.00 MB ( 30%) committed 
      Class space:        1.00 GB reserved,       1.13 MB ( <1%) committed 
             Both:        1.03 GB reserved,      10.13 MB ( <1%) committed 

Chunk freelists:
   Non-Class:  7.38 KB
       Class:  1.88 KB
        Both:  9.25 KB

CodeHeap 'non-profiled nmethods': size=120000Kb used=133Kb max_used=133Kb free=119866Kb
 bounds [0x0000013b67970000, 0x0000013b67be0000, 0x0000013b6eea0000]
CodeHeap 'profiled nmethods': size=120000Kb used=705Kb max_used=705Kb free=119294Kb
 bounds [0x0000013b60440000, 0x0000013b606b0000, 0x0000013b67970000]
CodeHeap 'non-nmethods': size=5760Kb used=1055Kb max_used=1066Kb free=4704Kb
 bounds [0x0000013b5fea0000, 0x0000013b60110000, 0x0000013b60440000]
 total_blobs=895 nmethods=445 adapters=255
 compilation: enabled
              stopped_count=0, restarted_count=0
 full_count=0

Compilation events (10 events):
Event: 0.282 Thread 0x0000013b75cc3000  441       3       java.lang.ClassLoader::preDefineClass (116 bytes)
Event: 0.283 Thread 0x0000013b75cc3000 nmethod 441 0x0000013b604ea190 code [0x0000013b604ea560, 0x0000013b604ebc60]
Event: 0.283 Thread 0x0000013b75cc3000  443       3       java.lang.ClassLoader::postDefineClass (39 bytes)
Event: 0.283 Thread 0x0000013b75cc3000 nmethod 443 0x0000013b604ec490 code [0x0000013b604ec680, 0x0000013b604eca00]
Event: 0.283 Thread 0x0000013b75cc3000  442       3       java.net.URLStreamHandler::toExternalForm (156 bytes)
Event: 0.284 Thread 0x0000013b75cc3000 nmethod 442 0x0000013b604ecb90 code [0x0000013b604ed040, 0x0000013b604ef080]
Event: 0.292 Thread 0x0000013b75cc3000  444       3       jdk.internal.org.objectweb.asm.ByteVector::<init> (13 bytes)
Event: 0.292 Thread 0x0000013b75cc3000 nmethod 444 0x0000013b604efa90 code [0x0000013b604efc40, 0x0000013b604efef8]
Event: 0.292 Thread 0x0000013b75cc3000  445       3       jdk.internal.org.objectweb.asm.ByteVector::putByteArray (49 bytes)
Event: 0.292 Thread 0x0000013b75cc3000 nmethod 445 0x0000013b604f0010 code [0x0000013b604f01e0, 0x0000013b604f0500]

GC Heap History (4 events):
Event: 0.219 GC heap before
{Heap before GC invocations=0 (full 0):
 garbage-first heap   total 8192K, used 3072K [0x00000000a0e00000, 0x0000000100000000)
  region size 1024K, 3 young (3072K), 0 survivors (0K)
 Metaspace       used 8014K, capacity 8219K, committed 8320K, reserved 1056768K
  class space    used 798K, capacity 871K, committed 896K, reserved 1048576K
}
Event: 0.222 GC heap after
{Heap after GC invocations=1 (full 0):
 garbage-first heap   total 8192K, used 1332K [0x00000000a0e00000, 0x0000000100000000)
  region size 1024K, 1 young (1024K), 1 survivors (1024K)
 Metaspace       used 8014K, capacity 8219K, committed 8320K, reserved 1056768K
  class space    used 798K, capacity 871K, committed 896K, reserved 1048576K
}
Event: 0.293 GC heap before
{Heap before GC invocations=1 (full 0):
 garbage-first heap   total 8192K, used 1332K [0x00000000a0e00000, 0x0000000100000000)
  region size 1024K, 2 young (2048K), 1 survivors (1024K)
 Metaspace       used 10154K, capacity 10294K, committed 10368K, reserved 1077248K
  class space    used 1078K, capacity 1137K, committed 1152K, reserved 1048576K
}
Event: 0.296 GC heap after
{Heap after GC invocations=2 (full 0):
 garbage-first heap   total 8192K, used 1679K [0x00000000a0e00000, 0x0000000100000000)
  region size 1024K, 1 young (1024K), 1 survivors (1024K)
 Metaspace       used 10154K, capacity 10294K, committed 10368K, reserved 1077248K
  class space    used 1078K, capacity 1137K, committed 1152K, reserved 1048576K
}

Deoptimization events (2 events):
Event: 0.177 Thread 0x0000013b57b3e000 Uncommon trap: reason=class_check action=maybe_recompile pc=0x0000013b6797e38c method=java.util.HashMap.putVal(ILjava/lang/Object;Ljava/lang/Object;ZZ)Ljava/lang/Object; @ 253 c2
Event: 0.177 Thread 0x0000013b57b3e000 Uncommon trap: reason=unstable_if action=reinterpret pc=0x0000013b6797e37c method=java.util.HashMap.putVal(ILjava/lang/Object;Ljava/lang/Object;ZZ)Ljava/lang/Object; @ 181 c2

Classes redefined (0 events):
No events

Internal exceptions (8 events):
Event: 0.200 Thread 0x0000013b57b3e000 Exception <a 'sun/nio/fs/WindowsException'{0x00000000a1378248}> (0x00000000a1378248) thrown at [t:/workspace/open/src/hotspot/share/prims/jni.cpp, line 615]
Event: 0.201 Thread 0x0000013b57b3e000 Exception <a 'sun/nio/fs/WindowsException'{0x00000000a137a238}> (0x00000000a137a238) thrown at [t:/workspace/open/src/hotspot/share/prims/jni.cpp, line 615]
Event: 0.202 Thread 0x0000013b57b3e000 Exception <a 'sun/nio/fs/WindowsException'{0x00000000a137b378}> (0x00000000a137b378) thrown at [t:/workspace/open/src/hotspot/share/prims/jni.cpp, line 615]
Event: 0.202 Thread 0x0000013b57b3e000 Exception <a 'sun/nio/fs/WindowsException'{0x00000000a137bca0}> (0x00000000a137bca0) thrown at [t:/workspace/open/src/hotspot/share/prims/jni.cpp, line 615]
Event: 0.203 Thread 0x0000013b57b3e000 Exception <a 'sun/nio/fs/WindowsException'{0x00000000a137c910}> (0x00000000a137c910) thrown at [t:/workspace/open/src/hotspot/share/prims/jni.cpp, line 615]
Event: 0.203 Thread 0x0000013b57b3e000 Exception <a 'sun/nio/fs/WindowsException'{0x00000000a137cc10}> (0x00000000a137cc10) thrown at [t:/workspace/open/src/hotspot/share/prims/jni.cpp, line 615]
Event: 0.204 Thread 0x0000013b57b3e000 Exception <a 'java/lang/NoSuchMethodError'{0x00000000a13842e0}: java.lang.invoke.DirectMethodHandle$Holder.invokeVirtual(Ljava/lang/Object;Ljava/lang/Object;Ljava/lang/Object;)I> (0x00000000a13842e0) thrown at [t:/workspace/open/src/hotspot/share/interpre
Event: 0.262 Thread 0x0000013b57b3e000 Exception <a 'java/lang/NoSuchMethodError'{0x00000000a15a3a08}: java.lang.invoke.DirectMethodHandle$Holder.invokeStaticInit(Ljava/lang/Object;Ljava/lang/Object;)I> (0x00000000a15a3a08) thrown at [t:/workspace/open/src/hotspot/share/interpreter/linkResolve

Events (10 events):
Event: 0.278 loading class com/sun/tools/javac/comp/Resolve done
Event: 0.285 Executing VM operation: CollectForMetadataAllocation
Event: 0.285 Executing VM operation: CollectForMetadataAllocation done
Event: 0.292 loading class com/sun/tools/javac/code/Type
Event: 0.292 loading class com/sun/tools/javac/code/Type done
Event: 0.292 loading class com/sun/tools/javac/code/Type
Event: 0.292 loading class com/sun/tools/javac/code/Type done
Event: 0.292 loading class java/util/function/BiPredicate
Event: 0.292 loading class java/util/function/BiPredicate done
Event: 0.293 Executing VM operation: CollectForMetadataAllocation


Dynamic libraries:
0x00007ff619360000 - 0x00007ff619368000 	D:\ProGram\bin\javac.exe
0x00007ffe0a990000 - 0x00007ffe0ab7d000 	C:\Windows\SYSTEM32\ntdll.dll
0x00007ffe07be0000 - 0x00007ffe07c93000 	C:\Windows\System32\KERNEL32.DLL
0x00007ffe06a50000 - 0x00007ffe06ce3000 	C:\Windows\System32\KERNELBASE.dll
0x00007ffe07630000 - 0x00007ffe0772a000 	C:\Windows\System32\ucrtbase.dll
0x00007ffdfbea0000 - 0x00007ffdfbeb6000 	D:\ProGram\bin\VCRUNTIME140.dll
0x00007ffe03300000 - 0x00007ffe0333f000 	D:\ProGram\bin\jli.dll
0x00007ffe0a1b0000 - 0x00007ffe0a253000 	C:\Windows\System32\ADVAPI32.dll
0x00007ffe07ca0000 - 0x00007ffe07d3e000 	C:\Windows\System32\msvcrt.dll
0x00007ffe0a380000 - 0x00007ffe0a41e000 	C:\Windows\System32\sechost.dll
0x00007ffe09240000 - 0x00007ffe09362000 	C:\Windows\System32\RPCRT4.dll
0x00007ffdf0790000 - 0x00007ffdf0a09000 	C:\Windows\WinSxS\amd64_microsoft.windows.common-controls_6595b64144ccf1df_6.0.17763.1098_none_de762ed45346ee8a\COMCTL32.dll
0x00007ffe09ce0000 - 0x00007ffe09e77000 	C:\Windows\System32\USER32.dll
0x00007ffe09e80000 - 0x00007ffe0a1ac000 	C:\Windows\System32\combase.dll
0x00007ffe06cf0000 - 0x00007ffe06d10000 	C:\Windows\System32\win32u.dll
0x00007ffe07bb0000 - 0x00007ffe07bd9000 	C:\Windows\System32\GDI32.dll
0x00007ffe07730000 - 0x00007ffe077ae000 	C:\Windows\System32\bcryptPrimitives.dll
0x00007ffe07a10000 - 0x00007ffe07ba9000 	C:\Windows\System32\gdi32full.dll
0x00007ffe07530000 - 0x00007ffe075d0000 	C:\Windows\System32\msvcp_win.dll
0x00007ffe01a70000 - 0x00007ffe01a7a000 	C:\Windows\SYSTEM32\VERSION.dll
0x00007ffe0a2d0000 - 0x00007ffe0a2fe000 	C:\Windows\System32\IMM32.DLL
0x00007ffddefc0000 - 0x00007ffddf06a000 	D:\ProGram\bin\msvcp140.dll
0x00007ffdaa5a0000 - 0x00007ffdab0c8000 	D:\ProGram\bin\server\jvm.dll
0x00007ffe09380000 - 0x00007ffe09388000 	C:\Windows\System32\PSAPI.DLL
0x00007ffdc1750000 - 0x00007ffdc1759000 	C:\Windows\SYSTEM32\WSOCK32.dll
0x00007ffe045c0000 - 0x00007ffe045e4000 	C:\Windows\SYSTEM32\WINMM.dll
0x00007ffe0a260000 - 0x00007ffe0a2cd000 	C:\Windows\System32\WS2_32.dll
0x00007ffe04590000 - 0x00007ffe045bd000 	C:\Windows\SYSTEM32\winmmbase.dll
0x00007ffe07990000 - 0x00007ffe079da000 	C:\Windows\System32\cfgmgr32.dll
0x00007ffe06980000 - 0x00007ffe06991000 	C:\Windows\System32\kernel.appcore.dll
0x00007ffde1cf0000 - 0x00007ffde1d01000 	D:\ProGram\bin\verify.dll
0x00007ffdf7c20000 - 0x00007ffdf7e0d000 	C:\Windows\SYSTEM32\DBGHELP.DLL
0x00007ffdf4d60000 - 0x00007ffdf4d8a000 	C:\Windows\SYSTEM32\dbgcore.DLL
0x00007ffde3500000 - 0x00007ffde3529000 	D:\ProGram\bin\java.dll
0x00007ffde0f00000 - 0x00007ffde0f16000 	D:\ProGram\bin\zip.dll
0x00007ffdfbf10000 - 0x00007ffdfbf1a000 	D:\ProGram\bin\jimage.dll
0x00007ffe07d40000 - 0x00007ffe09234000 	C:\Windows\System32\SHELL32.dll
0x00007ffe09a70000 - 0x00007ffe09b18000 	C:\Windows\System32\shcore.dll
0x00007ffe06d10000 - 0x00007ffe0745d000 	C:\Windows\System32\windows.storage.dll
0x00007ffe069a0000 - 0x00007ffe069c4000 	C:\Windows\System32\profapi.dll
0x00007ffe069d0000 - 0x00007ffe06a2d000 	C:\Windows\System32\powrprof.dll
0x00007ffe09480000 - 0x00007ffe094d2000 	C:\Windows\System32\shlwapi.dll
0x00007ffe07510000 - 0x00007ffe07527000 	C:\Windows\System32\cryptsp.dll
0x00007ffde0ee0000 - 0x00007ffde0ef9000 	D:\ProGram\bin\net.dll
0x00007ffdfc4d0000 - 0x00007ffdfc5c2000 	C:\Windows\SYSTEM32\WINHTTP.dll
0x00007ffe06190000 - 0x00007ffe061f7000 	C:\Windows\system32\mswsock.dll
0x00007ffde0ec0000 - 0x00007ffde0ed3000 	D:\ProGram\bin\nio.dll

dbghelp: loaded successfully - version: 4.0.5 - missing functions: none
symbol engine: initialized successfully - sym options: 0x614 - pdb path: .;D:\ProGram\bin;C:\Windows\SYSTEM32;C:\Windows\WinSxS\amd64_microsoft.windows.common-controls_6595b64144ccf1df_6.0.17763.1098_none_de762ed45346ee8a;D:\ProGram\bin\server

VM Arguments:
jvm_args: -Dapplication.home=D:\ProGram --add-modules=ALL-DEFAULT -Xms8m -Djdk.module.main=jdk.compiler 
java_command: jdk.compiler/com.sun.tools.javac.Main -d C:\Users\COMPUTER\Documents\NetBeansProjects\SnackGame\build\classes -classpath C:\Users\COMPUTER\Documents\NetBeansProjects\SnackGame\build\classes -sourcepath C:\Users\COMPUTER\Documents\NetBeansProjects\SnackGame\build\empty -target 11 -encoding UTF-8 -g -processorpath C:\Users\COMPUTER\Documents\NetBeansProjects\SnackGame\build\empty -s C:\Users\COMPUTER\Documents\NetBeansProjects\SnackGame\build\generated-sources\ap-source-output -source 11 C:\Users\COMPUTER\Documents\NetBeansProjects\SnackGame\src\snackgame\MyBody.java
java_class_path (initial): <not set>
Launcher Type: SUN_STANDARD

[Global flags]
     intx CICompilerCount                          = 4                                         {product} {ergonomic}
     uint ConcGCThreads                            = 2                                         {product} {ergonomic}
     uint G1ConcRefinementThreads                  = 8                                         {product} {ergonomic}
   size_t G1HeapRegionSize                         = 1048576                                   {product} {ergonomic}
    uintx GCDrainStackTargetSize                   = 64                                        {product} {ergonomic}
   size_t InitialHeapSize                          = 8388608                                   {product} {command line}
   size_t MarkStackSize                            = 4194304                                   {product} {ergonomic}
   size_t MaxHeapSize                              = 1595932672                                {product} {ergonomic}
   size_t MaxNewSize                               = 957349888                                 {product} {ergonomic}
   size_t MinHeapDeltaBytes                        = 1048576                                   {product} {ergonomic}
    uintx NonNMethodCodeHeapSize                   = 5836300                                {pd product} {ergonomic}
    uintx NonProfiledCodeHeapSize                  = 122910970                              {pd product} {ergonomic}
    uintx ProfiledCodeHeapSize                     = 122910970                              {pd product} {ergonomic}
    uintx ReservedCodeCacheSize                    = 251658240                              {pd product} {ergonomic}
     bool SegmentedCodeCache                       = true                                      {product} {ergonomic}
     bool UseCompressedClassPointers               = true                                 {lp64_product} {ergonomic}
     bool UseCompressedOops                        = true                                 {lp64_product} {ergonomic}
     bool UseG1GC                                  = true                                      {product} {ergonomic}
     bool UseLargePagesIndividualAllocation        = false                                  {pd product} {ergonomic}

Logging:
Log output configuration:
 #0: stdout all=warning uptime,level,tags
 #1: stderr all=off uptime,level,tags

Environment Variables:
PATH=C:\Windows\system32;C:\Windows;C:\Windows\System32\Wbem;C:\Windows\System32\WindowsPowerShell\v1.0\;C:\Windows\System32\OpenSSH\;C:\Program Files\dotnet\;C:\Program Files\Microsoft SQL Server\130\Tools\Binn\;C:\Users\COMPUTER\AppData\Local\Microsoft\WindowsApps;C:\Users\COMPUTER\AppData\Local\GitHubDesktop\bin;D:\ProGram\IntelliJ IDEA 2019.3.1\bin;;D:\ProGram\IntelliJ IDEA Community Edition 2019.3.1\bin;
USERNAME=COMPUTER
OS=Windows_NT
PROCESSOR_IDENTIFIER=AMD64 Family 23 Model 24 Stepping 1, AuthenticAMD



---------------  S Y S T E M  ---------------

OS: Windows 10 , 64 bit Build 17763 (10.0.17763.475)

CPU:total 8 (initial active 8) (8 cores per cpu, 2 threads per core) family 23 model 24 stepping 1, cmov, cx8, fxsr, mmx, sse, sse2, sse3, ssse3, sse4.1, sse4.2, popcnt, avx, avx2, aes, clmul, mmxext, 3dnowpref, lzcnt, sse4a, ht, tsc, tscinvbit, tscinv, bmi1, bmi2, adx, sha, fma

Memory: 4k page, system-wide physical 6082M (363M free)
TotalPageFile size 24514M (AvailPageFile size 2M)
current process WorkingSet (physical memory assigned to process): 44M, peak: 44M
current process commit charge ("private bytes"): 87M, peak: 88M

vm_info: Java HotSpot(TM) 64-Bit Server VM (11.0.5+10-LTS) for windows-amd64 JRE (11.0.5+10-LTS), built on Oct  6 2019 12:37:14 by "mach5one" with MS VC++ 15.5 (VS2017)

END.
