#
# There is insufficient memory for the Java Runtime Environment to continue.
# Native memory allocation (malloc) failed to allocate 728496 bytes for Chunk::new
# Possible reasons:
#   The system is out of physical RAM or swap space
#   The process is running with CompressedOops enabled, and the Java Heap may be blocking the growth of the native heap
# Possible solutions:
#   Reduce memory load on the system
#   Increase physical memory or swap space
#   Check if swap backing store is full
#   Decrease Java heap size (-Xmx/-Xms)
#   Decrease number of Java threads
#   Decrease Java thread stack sizes (-Xss)
#   Set larger code cache with -XX:ReservedCodeCacheSize=
#   JVM is running with Unscaled Compressed Oops mode in which the Java heap is
#     placed in the first 4GB address space. The Java Heap base address is the
#     maximum limit for the native heap growth. Please use -XX:HeapBaseMinAddress
#     to set the Java Heap base and to place the Java Heap above 4GB virtual address.
# This output file may be truncated or incomplete.
#
#  Out of Memory Error (t:/workspace/open/src/hotspot/share/memory/arena.cpp:197), pid=5440, tid=10760
#
# JRE version: Java(TM) SE Runtime Environment (11.0.5+10) (build 11.0.5+10-LTS)
# Java VM: Java HotSpot(TM) 64-Bit Server VM (11.0.5+10-LTS, mixed mode, tiered, compressed oops, g1 gc, windows-amd64)
# No core dump will be written. Minidumps are not enabled by default on client versions of Windows
#

---------------  S U M M A R Y ------------

Command Line: -Dfile.encoding=UTF-8 snackgame.Main

Host: AMD Ryzen 5 3550H with Radeon Vega Mobile Gfx  , 8 cores, 5G,  Windows 10 , 64 bit Build 17763 (10.0.17763.475)
Time: Tue Mar 24 18:28:41 2020 SE Asia Standard Time elapsed time: 9 seconds (0d 0h 0m 9s)

---------------  T H R E A D  ---------------

Current thread (0x00000195b8f8c000):  JavaThread "C2 CompilerThread1" daemon [_thread_in_native, id=10760, stack(0x0000007829400000,0x0000007829500000)]


Current CompileTask:
C2:   9122 1422       4       sun.java2d.pipe.DrawImage::transformImage (124 bytes)

Stack: [0x0000007829400000,0x0000007829500000]
Native frames: (J=compiled Java code, j=interpreted, Vv=VM code, C=native code)
V  [jvm.dll+0x63611a]
V  [jvm.dll+0x77426f]
V  [jvm.dll+0x77591a]
V  [jvm.dll+0x775fd3]
V  [jvm.dll+0x25e608]
V  [jvm.dll+0xc1f31]
V  [jvm.dll+0xc24bc]
V  [jvm.dll+0x36db27]
V  [jvm.dll+0x1a9701]
V  [jvm.dll+0x218592]
V  [jvm.dll+0x21762a]
V  [jvm.dll+0x1941bc]
V  [jvm.dll+0x226684]
V  [jvm.dll+0x224c78]
V  [jvm.dll+0x7396cd]
V  [jvm.dll+0x6351c2]
C  [ucrtbase.dll+0x21ffa]
C  [KERNEL32.DLL+0x17974]
C  [ntdll.dll+0x6a261]


---------------  P R O C E S S  ---------------

Threads class SMR info:
_java_thread_list=0x00000195b353ae40, length=18, elements={
0x00000195b2302800, 0x00000195b232e800, 0x00000195b2346800, 0x00000195b2347800,
0x00000195b234b800, 0x00000195b234d800, 0x00000195b2352800, 0x00000195b2dfd000,
0x00000195b2e1e800, 0x00000195b3172000, 0x00000195b3172800, 0x00000195b3185000,
0x00000195b3530000, 0x00000195b9388000, 0x00000195949c0000, 0x00000195b8fa6000,
0x00000195b8f8c000, 0x00000195b35a1000
}

Java Threads: ( => current thread )
  0x00000195b2302800 JavaThread "Reference Handler" daemon [_thread_blocked, id=1248, stack(0x0000007827500000,0x0000007827600000)]
  0x00000195b232e800 JavaThread "Finalizer" daemon [_thread_blocked, id=8580, stack(0x0000007827600000,0x0000007827700000)]
  0x00000195b2346800 JavaThread "Signal Dispatcher" daemon [_thread_blocked, id=13300, stack(0x0000007827700000,0x0000007827800000)]
  0x00000195b2347800 JavaThread "Attach Listener" daemon [_thread_blocked, id=8848, stack(0x0000007827800000,0x0000007827900000)]
  0x00000195b234b800 JavaThread "C2 CompilerThread0" daemon [_thread_blocked, id=10088, stack(0x0000007827900000,0x0000007827a00000)]
  0x00000195b234d800 JavaThread "C1 CompilerThread0" daemon [_thread_blocked, id=1592, stack(0x0000007827a00000,0x0000007827b00000)]
  0x00000195b2352800 JavaThread "Sweeper thread" daemon [_thread_blocked, id=84, stack(0x0000007827b00000,0x0000007827c00000)]
  0x00000195b2dfd000 JavaThread "Service Thread" daemon [_thread_blocked, id=12940, stack(0x0000007827c00000,0x0000007827d00000)]
  0x00000195b2e1e800 JavaThread "Common-Cleaner" daemon [_thread_blocked, id=2620, stack(0x0000007827e00000,0x0000007827f00000)]
  0x00000195b3172000 JavaThread "Java2D Disposer" daemon [_thread_blocked, id=2368, stack(0x0000007827f00000,0x0000007828000000)]
  0x00000195b3172800 JavaThread "AWT-Shutdown" [_thread_blocked, id=8684, stack(0x0000007828000000,0x0000007828100000)]
  0x00000195b3185000 JavaThread "AWT-Windows" daemon [_thread_in_native, id=4732, stack(0x0000007828100000,0x0000007828200000)]
  0x00000195b3530000 JavaThread "Thread-0" [_thread_in_vm, id=884, stack(0x0000007828b00000,0x0000007828c00000)]
  0x00000195b9388000 JavaThread "AWT-EventQueue-0" [_thread_blocked, id=7372, stack(0x0000007828d00000,0x0000007828e00000)]
  0x00000195949c0000 JavaThread "DestroyJavaVM" [_thread_blocked, id=10052, stack(0x0000007826e00000,0x0000007826f00000)]
  0x00000195b8fa6000 JavaThread "D3D Screen Updater" daemon [_thread_in_native, id=6236, stack(0x0000007828e00000,0x0000007828f00000)]
=>0x00000195b8f8c000 JavaThread "C2 CompilerThread1" daemon [_thread_in_native, id=10760, stack(0x0000007829400000,0x0000007829500000)]
  0x00000195b35a1000 JavaThread "C2 CompilerThread2" daemon [_thread_in_native, id=1856, stack(0x0000007829500000,0x0000007829600000)]

Other Threads:
  0x00000195b22ff800 VMThread "VM Thread" [stack: 0x0000007827400000,0x0000007827500000] [id=1112]
  0x00000195b2e1d800 WatcherThread [stack: 0x0000007827d00000,0x0000007827e00000] [id=3120]
  0x00000195949d7800 GCTaskThread "GC Thread#0" [stack: 0x0000007826f00000,0x0000007827000000] [id=13192]
  0x00000195b9198000 GCTaskThread "GC Thread#1" [stack: 0x0000007828a00000,0x0000007828b00000] [id=7400]
  0x00000195b9198800 GCTaskThread "GC Thread#2" [stack: 0x0000007828c00000,0x0000007828d00000] [id=6396]
  0x00000195b3539000 GCTaskThread "GC Thread#3" [stack: 0x0000007828f00000,0x0000007829000000] [id=7220]
  0x00000195b353a000 GCTaskThread "GC Thread#4" [stack: 0x0000007829000000,0x0000007829100000] [id=3952]
  0x00000195b9428000 GCTaskThread "GC Thread#5" [stack: 0x0000007829100000,0x0000007829200000] [id=4552]
  0x00000195b942a800 GCTaskThread "GC Thread#6" [stack: 0x0000007829200000,0x0000007829300000] [id=5360]
  0x00000195b3833000 GCTaskThread "GC Thread#7" [stack: 0x0000007829300000,0x0000007829400000] [id=9756]
  0x00000195949fe800 ConcurrentGCThread "G1 Main Marker" [stack: 0x0000007827000000,0x0000007827100000] [id=9256]
  0x0000019594a01000 ConcurrentGCThread "G1 Conc#0" [stack: 0x0000007827100000,0x0000007827200000] [id=10400]
  0x0000019594a88000 ConcurrentGCThread "G1 Refine#0" [stack: 0x0000007827200000,0x0000007827300000] [id=8112]
  0x0000019594a89000 ConcurrentGCThread "G1 Young RemSet Sampling" [stack: 0x0000007827300000,0x0000007827400000] [id=5148]

Threads with active compile tasks:
C2 CompilerThread11422       4       sun.java2d.pipe.DrawImage::transformImage (124 bytes)
C2 CompilerThread21421       4       sun.java2d.pipe.DrawImage::scaleImage (488 bytes)

VM state:not at safepoint (normal execution)

VM Mutex/Monitor currently owned by a thread: None

Heap address: 0x00000000a0e00000, size: 1522 MB, Compressed Oops mode: 32-bit
Narrow klass base: 0x0000000000000000, Narrow klass shift: 3
Compressed class space size: 1073741824 Address: 0x0000000100000000

Heap:
 garbage-first heap   total 98304K, used 25688K [0x00000000a0e00000, 0x0000000100000000)
  region size 1024K, 27 young (27648K), 3 survivors (3072K)
 Metaspace       used 12655K, capacity 13088K, committed 13312K, reserved 1060864K
  class space    used 1301K, capacity 1503K, committed 1536K, reserved 1048576K
Heap Regions: E=young(eden), S=young(survivor), O=old, HS=humongous(starts), HC=humongous(continues), CS=collection set, F=free, A=archive, TAMS=top-at-mark-start (previous, next)
|   0|0x00000000a0e00000, 0x00000000a0e00000, 0x00000000a0f00000|  0%| F|  |TAMS 0x00000000a0e00000, 0x00000000a0e00000| Untracked 
|   1|0x00000000a0f00000, 0x00000000a0f00000, 0x00000000a1000000|  0%| F|  |TAMS 0x00000000a0f00000, 0x00000000a0f00000| Untracked 
|   2|0x00000000a1000000, 0x00000000a1000000, 0x00000000a1100000|  0%| F|  |TAMS 0x00000000a1000000, 0x00000000a1000000| Untracked 
|   3|0x00000000a1100000, 0x00000000a1100000, 0x00000000a1200000|  0%| F|  |TAMS 0x00000000a1100000, 0x00000000a1100000| Untracked 
|   4|0x00000000a1200000, 0x00000000a1200000, 0x00000000a1300000|  0%| F|  |TAMS 0x00000000a1200000, 0x00000000a1200000| Untracked 
|   5|0x00000000a1300000, 0x00000000a1300000, 0x00000000a1400000|  0%| F|  |TAMS 0x00000000a1300000, 0x00000000a1300000| Untracked 
|   6|0x00000000a1400000, 0x00000000a1400000, 0x00000000a1500000|  0%| F|  |TAMS 0x00000000a1400000, 0x00000000a1400000| Untracked 
|   7|0x00000000a1500000, 0x00000000a1500000, 0x00000000a1600000|  0%| F|  |TAMS 0x00000000a1500000, 0x00000000a1500000| Untracked 
|   8|0x00000000a1600000, 0x00000000a1600000, 0x00000000a1700000|  0%| F|  |TAMS 0x00000000a1600000, 0x00000000a1600000| Untracked 
|   9|0x00000000a1700000, 0x00000000a1700000, 0x00000000a1800000|  0%| F|  |TAMS 0x00000000a1700000, 0x00000000a1700000| Untracked 
|  10|0x00000000a1800000, 0x00000000a1800000, 0x00000000a1900000|  0%| F|  |TAMS 0x00000000a1800000, 0x00000000a1800000| Untracked 
|  11|0x00000000a1900000, 0x00000000a1900000, 0x00000000a1a00000|  0%| F|  |TAMS 0x00000000a1900000, 0x00000000a1900000| Untracked 
|  12|0x00000000a1a00000, 0x00000000a1a00000, 0x00000000a1b00000|  0%| F|  |TAMS 0x00000000a1a00000, 0x00000000a1a00000| Untracked 
|  13|0x00000000a1b00000, 0x00000000a1b00000, 0x00000000a1c00000|  0%| F|  |TAMS 0x00000000a1b00000, 0x00000000a1b00000| Untracked 
|  14|0x00000000a1c00000, 0x00000000a1c00000, 0x00000000a1d00000|  0%| F|  |TAMS 0x00000000a1c00000, 0x00000000a1c00000| Untracked 
|  15|0x00000000a1d00000, 0x00000000a1d00000, 0x00000000a1e00000|  0%| F|  |TAMS 0x00000000a1d00000, 0x00000000a1d00000| Untracked 
|  16|0x00000000a1e00000, 0x00000000a1e00000, 0x00000000a1f00000|  0%| F|  |TAMS 0x00000000a1e00000, 0x00000000a1e00000| Untracked 
|  17|0x00000000a1f00000, 0x00000000a1f00000, 0x00000000a2000000|  0%| F|  |TAMS 0x00000000a1f00000, 0x00000000a1f00000| Untracked 
|  18|0x00000000a2000000, 0x00000000a2000000, 0x00000000a2100000|  0%| F|  |TAMS 0x00000000a2000000, 0x00000000a2000000| Untracked 
|  19|0x00000000a2100000, 0x00000000a2100000, 0x00000000a2200000|  0%| F|  |TAMS 0x00000000a2100000, 0x00000000a2100000| Untracked 
|  20|0x00000000a2200000, 0x00000000a2200000, 0x00000000a2300000|  0%| F|  |TAMS 0x00000000a2200000, 0x00000000a2200000| Untracked 
|  21|0x00000000a2300000, 0x00000000a2300000, 0x00000000a2400000|  0%| F|  |TAMS 0x00000000a2300000, 0x00000000a2300000| Untracked 
|  22|0x00000000a2400000, 0x00000000a2400000, 0x00000000a2500000|  0%| F|  |TAMS 0x00000000a2400000, 0x00000000a2400000| Untracked 
|  23|0x00000000a2500000, 0x00000000a2500000, 0x00000000a2600000|  0%| F|  |TAMS 0x00000000a2500000, 0x00000000a2500000| Untracked 
|  24|0x00000000a2600000, 0x00000000a2600000, 0x00000000a2700000|  0%| F|  |TAMS 0x00000000a2600000, 0x00000000a2600000| Untracked 
|  25|0x00000000a2700000, 0x00000000a2700000, 0x00000000a2800000|  0%| F|  |TAMS 0x00000000a2700000, 0x00000000a2700000| Untracked 
|  26|0x00000000a2800000, 0x00000000a2800000, 0x00000000a2900000|  0%| F|  |TAMS 0x00000000a2800000, 0x00000000a2800000| Untracked 
|  27|0x00000000a2900000, 0x00000000a2900000, 0x00000000a2a00000|  0%| F|  |TAMS 0x00000000a2900000, 0x00000000a2900000| Untracked 
|  28|0x00000000a2a00000, 0x00000000a2a00000, 0x00000000a2b00000|  0%| F|  |TAMS 0x00000000a2a00000, 0x00000000a2a00000| Untracked 
|  29|0x00000000a2b00000, 0x00000000a2b00000, 0x00000000a2c00000|  0%| F|  |TAMS 0x00000000a2b00000, 0x00000000a2b00000| Untracked 
|  30|0x00000000a2c00000, 0x00000000a2c00000, 0x00000000a2d00000|  0%| F|  |TAMS 0x00000000a2c00000, 0x00000000a2c00000| Untracked 
|  31|0x00000000a2d00000, 0x00000000a2d00000, 0x00000000a2e00000|  0%| F|  |TAMS 0x00000000a2d00000, 0x00000000a2d00000| Untracked 
|  32|0x00000000a2e00000, 0x00000000a2e00000, 0x00000000a2f00000|  0%| F|  |TAMS 0x00000000a2e00000, 0x00000000a2e00000| Untracked 
|  33|0x00000000a2f00000, 0x00000000a2f00000, 0x00000000a3000000|  0%| F|  |TAMS 0x00000000a2f00000, 0x00000000a2f00000| Untracked 
|  34|0x00000000a3000000, 0x00000000a3000000, 0x00000000a3100000|  0%| F|  |TAMS 0x00000000a3000000, 0x00000000a3000000| Untracked 
|  35|0x00000000a3100000, 0x00000000a3100000, 0x00000000a3200000|  0%| F|  |TAMS 0x00000000a3100000, 0x00000000a3100000| Untracked 
|  36|0x00000000a3200000, 0x00000000a32160f0, 0x00000000a3300000|  8%| S|CS|TAMS 0x00000000a3200000, 0x00000000a3200000| Complete 
|  37|0x00000000a3300000, 0x00000000a3400000, 0x00000000a3400000|100%| S|CS|TAMS 0x00000000a3300000, 0x00000000a3300000| Complete 
|  38|0x00000000a3400000, 0x00000000a3500000, 0x00000000a3500000|100%| S|CS|TAMS 0x00000000a3400000, 0x00000000a3400000| Complete 
|  39|0x00000000a3500000, 0x00000000a3500000, 0x00000000a3600000|  0%| F|  |TAMS 0x00000000a3500000, 0x00000000a3500000| Untracked 
|  40|0x00000000a3600000, 0x00000000a3600000, 0x00000000a3700000|  0%| F|  |TAMS 0x00000000a3600000, 0x00000000a3600000| Untracked 
|  41|0x00000000a3700000, 0x00000000a3700000, 0x00000000a3800000|  0%| F|  |TAMS 0x00000000a3700000, 0x00000000a3700000| Untracked 
|  42|0x00000000a3800000, 0x00000000a3800000, 0x00000000a3900000|  0%| F|  |TAMS 0x00000000a3800000, 0x00000000a3800000| Untracked 
|  43|0x00000000a3900000, 0x00000000a3900000, 0x00000000a3a00000|  0%| F|  |TAMS 0x00000000a3900000, 0x00000000a3900000| Untracked 
|  44|0x00000000a3a00000, 0x00000000a3a00000, 0x00000000a3b00000|  0%| F|  |TAMS 0x00000000a3a00000, 0x00000000a3a00000| Untracked 
|  45|0x00000000a3b00000, 0x00000000a3b00000, 0x00000000a3c00000|  0%| F|  |TAMS 0x00000000a3b00000, 0x00000000a3b00000| Untracked 
|  46|0x00000000a3c00000, 0x00000000a3c00000, 0x00000000a3d00000|  0%| F|  |TAMS 0x00000000a3c00000, 0x00000000a3c00000| Untracked 
|  47|0x00000000a3d00000, 0x00000000a3d00000, 0x00000000a3e00000|  0%| F|  |TAMS 0x00000000a3d00000, 0x00000000a3d00000| Untracked 
|  48|0x00000000a3e00000, 0x00000000a3e00000, 0x00000000a3f00000|  0%| F|  |TAMS 0x00000000a3e00000, 0x00000000a3e00000| Untracked 
|  49|0x00000000a3f00000, 0x00000000a3f00000, 0x00000000a4000000|  0%| F|  |TAMS 0x00000000a3f00000, 0x00000000a3f00000| Untracked 
|  50|0x00000000a4000000, 0x00000000a4000000, 0x00000000a4100000|  0%| F|  |TAMS 0x00000000a4000000, 0x00000000a4000000| Untracked 
|  51|0x00000000a4100000, 0x00000000a4100000, 0x00000000a4200000|  0%| F|  |TAMS 0x00000000a4100000, 0x00000000a4100000| Untracked 
|  52|0x00000000a4200000, 0x00000000a4200000, 0x00000000a4300000|  0%| F|  |TAMS 0x00000000a4200000, 0x00000000a4200000| Untracked 
|  53|0x00000000a4300000, 0x00000000a4300000, 0x00000000a4400000|  0%| F|  |TAMS 0x00000000a4300000, 0x00000000a4300000| Untracked 
|  54|0x00000000a4400000, 0x00000000a4400000, 0x00000000a4500000|  0%| F|  |TAMS 0x00000000a4400000, 0x00000000a4400000| Untracked 
|  55|0x00000000a4500000, 0x00000000a4500000, 0x00000000a4600000|  0%| F|  |TAMS 0x00000000a4500000, 0x00000000a4500000| Untracked 
|  56|0x00000000a4600000, 0x00000000a4600000, 0x00000000a4700000|  0%| F|  |TAMS 0x00000000a4600000, 0x00000000a4600000| Untracked 
|  57|0x00000000a4700000, 0x00000000a4700000, 0x00000000a4800000|  0%| F|  |TAMS 0x00000000a4700000, 0x00000000a4700000| Untracked 
|  58|0x00000000a4800000, 0x00000000a4800000, 0x00000000a4900000|  0%| F|  |TAMS 0x00000000a4800000, 0x00000000a4800000| Untracked 
|  59|0x00000000a4900000, 0x00000000a4900000, 0x00000000a4a00000|  0%| F|  |TAMS 0x00000000a4900000, 0x00000000a4900000| Untracked 
|  60|0x00000000a4a00000, 0x00000000a4a00000, 0x00000000a4b00000|  0%| F|  |TAMS 0x00000000a4a00000, 0x00000000a4a00000| Untracked 
|  61|0x00000000a4b00000, 0x00000000a4b00000, 0x00000000a4c00000|  0%| F|  |TAMS 0x00000000a4b00000, 0x00000000a4b00000| Untracked 
|  62|0x00000000a4c00000, 0x00000000a4c00000, 0x00000000a4d00000|  0%| F|  |TAMS 0x00000000a4c00000, 0x00000000a4c00000| Untracked 
|  63|0x00000000a4d00000, 0x00000000a4d00000, 0x00000000a4e00000|  0%| F|  |TAMS 0x00000000a4d00000, 0x00000000a4d00000| Untracked 
|  64|0x00000000a4e00000, 0x00000000a4e00000, 0x00000000a4f00000|  0%| F|  |TAMS 0x00000000a4e00000, 0x00000000a4e00000| Untracked 
|  65|0x00000000a4f00000, 0x00000000a4f00000, 0x00000000a5000000|  0%| F|  |TAMS 0x00000000a4f00000, 0x00000000a4f00000| Untracked 
|  66|0x00000000a5000000, 0x00000000a5000000, 0x00000000a5100000|  0%| F|  |TAMS 0x00000000a5000000, 0x00000000a5000000| Untracked 
|  67|0x00000000a5100000, 0x00000000a5100000, 0x00000000a5200000|  0%| F|  |TAMS 0x00000000a5100000, 0x00000000a5100000| Untracked 
|  68|0x00000000a5200000, 0x00000000a5200000, 0x00000000a5300000|  0%| F|  |TAMS 0x00000000a5200000, 0x00000000a5200000| Untracked 
|  69|0x00000000a5300000, 0x00000000a5300000, 0x00000000a5400000|  0%| F|  |TAMS 0x00000000a5300000, 0x00000000a5300000| Untracked 
|  70|0x00000000a5400000, 0x00000000a5400000, 0x00000000a5500000|  0%| F|  |TAMS 0x00000000a5400000, 0x00000000a5400000| Untracked 
|  71|0x00000000a5500000, 0x00000000a5500000, 0x00000000a5600000|  0%| F|  |TAMS 0x00000000a5500000, 0x00000000a5500000| Untracked 
|  72|0x00000000a5600000, 0x00000000a5680800, 0x00000000a5700000| 50%| E|  |TAMS 0x00000000a5600000, 0x00000000a5600000| Complete 
|  73|0x00000000a5700000, 0x00000000a5800000, 0x00000000a5800000|100%| E|CS|TAMS 0x00000000a5700000, 0x00000000a5700000| Complete 
|  74|0x00000000a5800000, 0x00000000a5900000, 0x00000000a5900000|100%| E|CS|TAMS 0x00000000a5800000, 0x00000000a5800000| Complete 
|  75|0x00000000a5900000, 0x00000000a5a00000, 0x00000000a5a00000|100%| E|CS|TAMS 0x00000000a5900000, 0x00000000a5900000| Complete 
|  76|0x00000000a5a00000, 0x00000000a5b00000, 0x00000000a5b00000|100%| E|CS|TAMS 0x00000000a5a00000, 0x00000000a5a00000| Complete 
|  77|0x00000000a5b00000, 0x00000000a5c00000, 0x00000000a5c00000|100%| E|CS|TAMS 0x00000000a5b00000, 0x00000000a5b00000| Complete 
|  78|0x00000000a5c00000, 0x00000000a5d00000, 0x00000000a5d00000|100%| E|CS|TAMS 0x00000000a5c00000, 0x00000000a5c00000| Complete 
|  79|0x00000000a5d00000, 0x00000000a5e00000, 0x00000000a5e00000|100%| E|CS|TAMS 0x00000000a5d00000, 0x00000000a5d00000| Complete 
|  80|0x00000000a5e00000, 0x00000000a5f00000, 0x00000000a5f00000|100%| E|CS|TAMS 0x00000000a5e00000, 0x00000000a5e00000| Complete 
|  81|0x00000000a5f00000, 0x00000000a6000000, 0x00000000a6000000|100%| E|CS|TAMS 0x00000000a5f00000, 0x00000000a5f00000| Complete 
|  82|0x00000000a6000000, 0x00000000a6100000, 0x00000000a6100000|100%| E|CS|TAMS 0x00000000a6000000, 0x00000000a6000000| Complete 
|  83|0x00000000a6100000, 0x00000000a6200000, 0x00000000a6200000|100%| E|CS|TAMS 0x00000000a6100000, 0x00000000a6100000| Complete 
|  84|0x00000000a6200000, 0x00000000a6300000, 0x00000000a6300000|100%| E|CS|TAMS 0x00000000a6200000, 0x00000000a6200000| Complete 
|  85|0x00000000a6300000, 0x00000000a6400000, 0x00000000a6400000|100%| E|CS|TAMS 0x00000000a6300000, 0x00000000a6300000| Complete 
|  86|0x00000000a6400000, 0x00000000a6500000, 0x00000000a6500000|100%| E|CS|TAMS 0x00000000a6400000, 0x00000000a6400000| Complete 
|  87|0x00000000a6500000, 0x00000000a6600000, 0x00000000a6600000|100%| E|CS|TAMS 0x00000000a6500000, 0x00000000a6500000| Complete 
|  88|0x00000000a6600000, 0x00000000a6700000, 0x00000000a6700000|100%| E|CS|TAMS 0x00000000a6600000, 0x00000000a6600000| Complete 
|  89|0x00000000a6700000, 0x00000000a6800000, 0x00000000a6800000|100%| E|CS|TAMS 0x00000000a6700000, 0x00000000a6700000| Complete 
|  90|0x00000000a6800000, 0x00000000a6900000, 0x00000000a6900000|100%| E|CS|TAMS 0x00000000a6800000, 0x00000000a6800000| Complete 
|  91|0x00000000a6900000, 0x00000000a6a00000, 0x00000000a6a00000|100%| E|CS|TAMS 0x00000000a6900000, 0x00000000a6900000| Complete 
|  92|0x00000000a6a00000, 0x00000000a6b00000, 0x00000000a6b00000|100%| E|CS|TAMS 0x00000000a6a00000, 0x00000000a6a00000| Complete 
|  93|0x00000000a6b00000, 0x00000000a6c00000, 0x00000000a6c00000|100%| E|CS|TAMS 0x00000000a6b00000, 0x00000000a6b00000| Complete 
|  94|0x00000000a6c00000, 0x00000000a6d00000, 0x00000000a6d00000|100%| E|CS|TAMS 0x00000000a6c00000, 0x00000000a6c00000| Complete 
|  95|0x00000000a6d00000, 0x00000000a6e00000, 0x00000000a6e00000|100%| E|CS|TAMS 0x00000000a6d00000, 0x00000000a6d00000| Complete 

Card table byte_map: [0x00000195ac360000,0x00000195ac660000] _byte_map_base: 0x00000195abe59000

Marking Bits (Prev, Next): (CMBitMap*) 0x00000195949f7d88, (CMBitMap*) 0x00000195949f7dc0
 Prev Bits: [0x00000195ac960000, 0x00000195ae128000)
 Next Bits: [0x00000195ae130000, 0x00000195af8f8000)

Polling page: 0x0000019592950000

Metaspace:

Usage:
  Non-class:     11.31 MB capacity,    11.09 MB ( 98%) used,   192.83 KB (  2%) free+waste,    38.19 KB ( <1%) overhead. 
      Class:      1.47 MB capacity,     1.27 MB ( 87%) used,   180.56 KB ( 12%) free+waste,    21.25 KB (  1%) overhead. 
       Both:     12.78 MB capacity,    12.36 MB ( 97%) used,   373.39 KB (  3%) free+waste,    59.44 KB ( <1%) overhead. 

Virtual space:
  Non-class space:       12.00 MB reserved,      11.50 MB ( 96%) committed 
      Class space:        1.00 GB reserved,       1.50 MB ( <1%) committed 
             Both:        1.01 GB reserved,      13.00 MB (  1%) committed 

Chunk freelists:
   Non-Class:  7.88 KB
       Class:  128 bytes
        Both:  8.00 KB

CodeHeap 'non-profiled nmethods': size=120000Kb used=994Kb max_used=994Kb free=119005Kb
 bounds [0x00000195a4800000, 0x00000195a4a70000, 0x00000195abd30000]
CodeHeap 'profiled nmethods': size=120000Kb used=2414Kb max_used=2414Kb free=117586Kb
 bounds [0x000001959d2d0000, 0x000001959d540000, 0x00000195a4800000]
CodeHeap 'non-nmethods': size=5760Kb used=1166Kb max_used=1199Kb free=4593Kb
 bounds [0x000001959cd30000, 0x000001959cfa0000, 0x000001959d2d0000]
 total_blobs=2488 nmethods=1420 adapters=419
 compilation: enabled
              stopped_count=0, restarted_count=0
 full_count=0

Compilation events (10 events):
Event: 9.045 Thread 0x00000195b35a1000 1421       4       sun.java2d.pipe.DrawImage::scaleImage (488 bytes)
Event: 9.049 Thread 0x00000195b8f8c000 nmethod 1418 0x00000195a48f5190 code [0x00000195a48f53a0, 0x00000195a48f5890]
Event: 9.049 Thread 0x00000195b8f8c000 1422       4       sun.java2d.pipe.DrawImage::transformImage (124 bytes)
Event: 9.060 Thread 0x00000195b234b800 nmethod 1417 0x00000195a48f6010 code [0x00000195a48f6340, 0x00000195a48f75b0]
Event: 9.115 Thread 0x00000195b234d800 1423       3       java.util.Collections$UnmodifiableCollection::contains (11 bytes)
Event: 9.116 Thread 0x00000195b234d800 nmethod 1423 0x000001959d52ae10 code [0x000001959d52afe0, 0x000001959d52b210]
Event: 9.116 Thread 0x00000195b234d800 1424       3       java.awt.Container::preProcessKeyEvent (15 bytes)
Event: 9.116 Thread 0x00000195b234d800 nmethod 1424 0x000001959d52b310 code [0x000001959d52b4e0, 0x000001959d52b730]
Event: 9.116 Thread 0x00000195b234d800 1425       1       javax.swing.JComponent$IntVector::size (5 bytes)
Event: 9.116 Thread 0x00000195b234d800 nmethod 1425 0x00000195a48f8690 code [0x00000195a48f8840, 0x00000195a48f8958]

GC Heap History (4 events):
Event: 2.041 GC heap before
{Heap before GC invocations=0 (full 0):
 garbage-first heap   total 98304K, used 24576K [0x00000000a0e00000, 0x0000000100000000)
  region size 1024K, 24 young (24576K), 0 survivors (0K)
 Metaspace       used 12632K, capacity 13088K, committed 13312K, reserved 1060864K
  class space    used 1300K, capacity 1503K, committed 1536K, reserved 1048576K
}
Event: 2.045 GC heap after
{Heap after GC invocations=1 (full 0):
 garbage-first heap   total 98304K, used 1901K [0x00000000a0e00000, 0x0000000100000000)
  region size 1024K, 2 young (2048K), 2 survivors (2048K)
 Metaspace       used 12632K, capacity 13088K, committed 13312K, reserved 1060864K
  class space    used 1300K, capacity 1503K, committed 1536K, reserved 1048576K
}
Event: 7.069 GC heap before
{Heap before GC invocations=1 (full 0):
 garbage-first heap   total 98304K, used 58221K [0x00000000a0e00000, 0x0000000100000000)
  region size 1024K, 57 young (58368K), 2 survivors (2048K)
 Metaspace       used 12641K, capacity 13088K, committed 13312K, reserved 1060864K
  class space    used 1301K, capacity 1503K, committed 1536K, reserved 1048576K
}
Event: 7.072 GC heap after
{Heap after GC invocations=2 (full 0):
 garbage-first heap   total 98304K, used 2136K [0x00000000a0e00000, 0x0000000100000000)
  region size 1024K, 3 young (3072K), 3 survivors (3072K)
 Metaspace       used 12641K, capacity 13088K, committed 13312K, reserved 1060864K
  class space    used 1301K, capacity 1503K, committed 1536K, reserved 1048576K
}

Deoptimization events (10 events):
Event: 1.012 Thread 0x00000195b9388000 Uncommon trap: reason=class_check action=maybe_recompile pc=0x00000195a482e3f0 method=java.util.HashMap.getNode(ILjava/lang/Object;)Ljava/util/HashMap$Node; @ 59 c2
Event: 1.012 Thread 0x00000195b9388000 Uncommon trap: reason=class_check action=maybe_recompile pc=0x00000195a48289bc method=java.util.HashMap.getNode(ILjava/lang/Object;)Ljava/util/HashMap$Node; @ 59 c2
Event: 1.305 Thread 0x00000195b8fa6000 Uncommon trap: reason=intrinsic_or_type_checked_inlining action=make_not_entrant pc=0x00000195a488eee8 method=java.util.Arrays.copyOf([Ljava/lang/Object;ILjava/lang/Class;)[Ljava/lang/Object; @ 35 c2
Event: 2.045 Thread 0x00000195b9388000 Uncommon trap: reason=null_check action=make_not_entrant pc=0x00000195a4873804 method=sun.java2d.pipe.BufferedContext.validate(Lsun/java2d/pipe/hw/AccelSurface;Lsun/java2d/pipe/hw/AccelSurface;Lsun/java2d/pipe/Region;Ljava/awt/Composite;Ljava/awt/geom/Aff
Event: 2.045 Thread 0x00000195b3172000 Uncommon trap: reason=unstable_if action=reinterpret pc=0x00000195a4866084 method=java.util.concurrent.locks.ReentrantLock$Sync.nonfairTryAcquire(I)Z @ 19 c2
Event: 2.780 Thread 0x00000195b3530000 Uncommon trap: reason=unstable_if action=reinterpret pc=0x00000195a487d7b8 method=snackgame.GamePn.tick()V @ 278 c2
Event: 3.179 Thread 0x00000195b8fa6000 Uncommon trap: reason=class_check action=make_not_entrant pc=0x00000195a48a9a30 method=java.util.ArrayList.toArray([Ljava/lang/Object;)[Ljava/lang/Object; @ 21 c2
Event: 4.585 Thread 0x00000195b8fa6000 Uncommon trap: reason=unstable_if action=reinterpret pc=0x00000195a487a8f0 method=java.util.concurrent.locks.ReentrantLock$Sync.nonfairTryAcquire(I)Z @ 19 c2
Event: 6.220 Thread 0x00000195b3530000 Uncommon trap: reason=unstable_if action=reinterpret pc=0x00000195a48a6ffc method=snackgame.GamePn.tick()V @ 299 c2
Event: 6.479 Thread 0x00000195b9388000 Uncommon trap: reason=unstable_if action=reinterpret pc=0x00000195a48cc45c method=java.util.concurrent.locks.AbstractQueuedSynchronizer.acquireQueued(Ljava/util/concurrent/locks/AbstractQueuedSynchronizer$Node;I)Z @ 14 c2

Classes redefined (0 events):
No events

Internal exceptions (10 events):
Event: 0.286 Thread 0x00000195949c0000 Exception <a 'java/lang/NoSuchMethodError'{0x00000000a68383e0}: java.lang.invoke.DirectMethodHandle$Holder.invokeSpecial(Ljava/lang/Object;Ljava/lang/Object;ILjava/lang/Object;Ljava/lang/Object;Ljava/lang/Object;)Ljava/lang/Object;> (0x00000000a68383e0) t
Event: 0.288 Thread 0x00000195949c0000 Exception <a 'java/lang/NoSuchMethodError'{0x00000000a684fcb8}: java.lang.invoke.DirectMethodHandle$Holder.invokeStatic(Ljava/lang/Object;ILjava/lang/Object;)Ljava/lang/Object;> (0x00000000a684fcb8) thrown at [t:/workspace/open/src/hotspot/share/interpret
Event: 0.306 Thread 0x00000195949c0000 Exception <a 'java/lang/ClassNotFoundException'{0x00000000a68fa558}: com/sun/swing/internal/plaf/metal/resources/spi/metalProvider> (0x00000000a68fa558) thrown at [t:/workspace/open/src/hotspot/share/classfile/systemDictionary.cpp, line 231]
Event: 0.307 Thread 0x00000195949c0000 Exception <a 'java/lang/ClassNotFoundException'{0x00000000a68fec08}: com/sun/swing/internal/plaf/basic/resources/spi/basicProvider> (0x00000000a68fec08) thrown at [t:/workspace/open/src/hotspot/share/classfile/systemDictionary.cpp, line 231]
Event: 0.347 Thread 0x00000195949c0000 Exception <a 'java/lang/NoSuchMethodError'{0x00000000a6767fb8}: java.lang.invoke.DirectMethodHandle$Holder.invokeStaticInit(Ljava/lang/Object;)V> (0x00000000a6767fb8) thrown at [t:/workspace/open/src/hotspot/share/interpreter/linkResolver.cpp, line 772]
Event: 0.387 Thread 0x00000195949c0000 Exception <a 'java/lang/NoSuchMethodError'{0x00000000a652bb00}: java.lang.invoke.DirectMethodHandle$Holder.invokeStatic(Ljava/lang/Object;Ljava/lang/Object;Ljava/lang/Object;Ljava/lang/Object;Ljava/lang/Object;Ljava/lang/Object;Ljava/lang/Object;Ljava/lan
Event: 0.389 Thread 0x00000195949c0000 Exception <a 'java/lang/NoSuchMethodError'{0x00000000a6549d60}: java.lang.invoke.DirectMethodHandle$Holder.invokeStatic(Ljava/lang/Object;Ljava/lang/Object;Ljava/lang/Object;Ljava/lang/Object;Ljava/lang/Object;Ljava/lang/Object;Ljava/lang/Object;Ljava/lan
Event: 0.392 Thread 0x00000195949c0000 Exception <a 'java/lang/NoSuchMethodError'{0x00000000a6568cf0}: java.lang.invoke.DirectMethodHandle$Holder.invokeStatic(Ljava/lang/Object;Ljava/lang/Object;Ljava/lang/Object;Ljava/lang/Object;Ljava/lang/Object;Ljava/lang/Object;Ljava/lang/Object;Ljava/lan
Event: 0.393 Thread 0x00000195949c0000 Exception <a 'java/lang/NoSuchMethodError'{0x00000000a6574ca0}: java.lang.invoke.Invokers$Holder.linkToTargetMethod(Ljava/lang/Object;ILjava/lang/Object;)Ljava/lang/Object;> (0x00000000a6574ca0) thrown at [t:/workspace/open/src/hotspot/share/interpreter/l
Event: 2.045 Thread 0x00000195b9388000 Implicit null exception at 0x00000195a4871f9b to 0x00000195a48737ce

Events (10 events):
Event: 6.220 Thread 0x00000195b3530000 DEOPT UNPACKING pc=0x000001959cd58f2f sp=0x0000007828bff2a0 mode 2
Event: 6.479 Thread 0x00000195b9388000 Uncommon trap: trap_request=0xffffff4d fr.pc=0x00000195a48cc45c relative=0x000000000000057c
Event: 6.479 Thread 0x00000195b9388000 DEOPT PACKING pc=0x00000195a48cc45c sp=0x0000007828dfb030
Event: 6.479 Thread 0x00000195b9388000 DEOPT UNPACKING pc=0x000001959cd58f2f sp=0x0000007828dfaff0 mode 2
Event: 7.069 Executing VM operation: G1CollectForAllocation
Event: 7.072 Executing VM operation: G1CollectForAllocation done
Event: 8.068 Thread 0x00000195b8f8c000 Thread added: 0x00000195b8f8c000
Event: 8.778 Thread 0x00000195b8f8c000 Thread exited: 0x00000195b8f8c000
Event: 9.038 Thread 0x00000195b8f8c000 Thread added: 0x00000195b8f8c000
Event: 9.038 Thread 0x00000195b35a1000 Thread added: 0x00000195b35a1000


Dynamic libraries:
0x00007ff738170000 - 0x00007ff7381b7000 	D:\ProGram\bin\java.exe
0x00007ffe6a000000 - 0x00007ffe6a1ed000 	C:\Windows\SYSTEM32\ntdll.dll
0x00007ffe67710000 - 0x00007ffe677c3000 	C:\Windows\System32\KERNEL32.DLL
0x00007ffe662b0000 - 0x00007ffe66543000 	C:\Windows\System32\KERNELBASE.dll
0x00007ffe68990000 - 0x00007ffe68a33000 	C:\Windows\System32\ADVAPI32.dll
0x00007ffe68700000 - 0x00007ffe6879e000 	C:\Windows\System32\msvcrt.dll
0x00007ffe67670000 - 0x00007ffe6770e000 	C:\Windows\System32\sechost.dll
0x00007ffe67940000 - 0x00007ffe67a62000 	C:\Windows\System32\RPCRT4.dll
0x00007ffe67400000 - 0x00007ffe67597000 	C:\Windows\System32\USER32.dll
0x00007ffe66e30000 - 0x00007ffe66e50000 	C:\Windows\System32\win32u.dll
0x00007ffe673d0000 - 0x00007ffe673f9000 	C:\Windows\System32\GDI32.dll
0x00007ffe67080000 - 0x00007ffe67219000 	C:\Windows\System32\gdi32full.dll
0x00007ffe66140000 - 0x00007ffe661e0000 	C:\Windows\System32\msvcp_win.dll
0x00007ffe66d30000 - 0x00007ffe66e2a000 	C:\Windows\System32\ucrtbase.dll
0x00007ffe503d0000 - 0x00007ffe50649000 	C:\Windows\WinSxS\amd64_microsoft.windows.common-controls_6595b64144ccf1df_6.0.17763.1098_none_de762ed45346ee8a\COMCTL32.dll
0x00007ffe64b80000 - 0x00007ffe64b8a000 	C:\Windows\SYSTEM32\VERSION.dll
0x00007ffe67bb0000 - 0x00007ffe67edc000 	C:\Windows\System32\combase.dll
0x00007ffe660c0000 - 0x00007ffe6613e000 	C:\Windows\System32\bcryptPrimitives.dll
0x00007ffe68510000 - 0x00007ffe6853e000 	C:\Windows\System32\IMM32.DLL
0x00007ffe43000000 - 0x00007ffe43016000 	D:\ProGram\bin\vcruntime140.dll
0x00007ffe40e50000 - 0x00007ffe40efa000 	D:\ProGram\bin\msvcp140.dll
0x00007ffe20030000 - 0x00007ffe20b58000 	D:\ProGram\bin\server\jvm.dll
0x00007ffe67ba0000 - 0x00007ffe67ba8000 	C:\Windows\System32\PSAPI.DLL
0x00007ffe366a0000 - 0x00007ffe366a9000 	C:\Windows\SYSTEM32\WSOCK32.dll
0x00007ffe63800000 - 0x00007ffe63824000 	C:\Windows\SYSTEM32\WINMM.dll
0x00007ffe68410000 - 0x00007ffe6847d000 	C:\Windows\System32\WS2_32.dll
0x00007ffe637a0000 - 0x00007ffe637cd000 	C:\Windows\SYSTEM32\winmmbase.dll
0x00007ffe67030000 - 0x00007ffe6707a000 	C:\Windows\System32\cfgmgr32.dll
0x00007ffe65ff0000 - 0x00007ffe66001000 	C:\Windows\System32\kernel.appcore.dll
0x00007ffe41bd0000 - 0x00007ffe41be1000 	D:\ProGram\bin\verify.dll
0x00007ffe575f0000 - 0x00007ffe577dd000 	C:\Windows\SYSTEM32\DBGHELP.DLL
0x00007ffe51140000 - 0x00007ffe5116a000 	C:\Windows\SYSTEM32\dbgcore.DLL
0x00007ffe40f40000 - 0x00007ffe40f69000 	D:\ProGram\bin\java.dll
0x00007ffe41240000 - 0x00007ffe41256000 	D:\ProGram\bin\zip.dll
0x00007ffe4b250000 - 0x00007ffe4b25a000 	D:\ProGram\bin\jimage.dll
0x00007ffe68a40000 - 0x00007ffe69f34000 	C:\Windows\System32\SHELL32.dll
0x00007ffe68360000 - 0x00007ffe68408000 	C:\Windows\System32\shcore.dll
0x00007ffe66550000 - 0x00007ffe66c9d000 	C:\Windows\System32\windows.storage.dll
0x00007ffe66090000 - 0x00007ffe660b4000 	C:\Windows\System32\profapi.dll
0x00007ffe66010000 - 0x00007ffe6606d000 	C:\Windows\System32\powrprof.dll
0x00007ffe69f70000 - 0x00007ffe69fc2000 	C:\Windows\System32\shlwapi.dll
0x00007ffe66290000 - 0x00007ffe662a7000 	C:\Windows\System32\cryptsp.dll
0x00007ffe339e0000 - 0x00007ffe33b7f000 	D:\ProGram\bin\awt.dll
0x00007ffe675a0000 - 0x00007ffe67664000 	C:\Windows\System32\OLEAUT32.dll
0x00007ffe63010000 - 0x00007ffe635ce000 	C:\Windows\SYSTEM32\d2d1.dll
0x00007ffe63f00000 - 0x00007ffe63f8c000 	C:\Windows\SYSTEM32\apphelp.dll
0x00007ffe64470000 - 0x00007ffe6449e000 	C:\Windows\system32\DWMAPI.DLL
0x00007ffe66e50000 - 0x00007ffe6702c000 	C:\Windows\System32\CRYPT32.dll
0x00007ffe66070000 - 0x00007ffe66082000 	C:\Windows\System32\MSASN1.dll
0x00007ffe64170000 - 0x00007ffe6420c000 	C:\Windows\system32\uxtheme.dll
0x00007ffe33080000 - 0x00007ffe331a7000 	C:\Windows\system32\opengl32.dll
0x00007ffe40e20000 - 0x00007ffe40e4c000 	C:\Windows\SYSTEM32\GLU32.dll
0x00007ffe677d0000 - 0x00007ffe6793b000 	C:\Windows\System32\MSCTF.dll
0x00007ffe685a0000 - 0x00007ffe686f5000 	C:\Windows\System32\ole32.dll
0x00007ffe17ce0000 - 0x00007ffe17e7e000 	C:\Windows\system32\d3d9.dll
0x00007ffe60870000 - 0x00007ffe60a48000 	C:\Windows\System32\DriverStore\FileRepository\u0351505.inf_amd64_5b0d82e706ad63ce\B351435\aticfx64.dll
0x00007ffe230e0000 - 0x00007ffe23111000 	C:\Windows\System32\DriverStore\FileRepository\u0351505.inf_amd64_5b0d82e706ad63ce\B351435\atiu9p64.dll
0x00007ffe17050000 - 0x00007ffe17cd9000 	C:\Windows\System32\DriverStore\FileRepository\u0351505.inf_amd64_5b0d82e706ad63ce\B351435\atiumd64.dll
0x0000000064bc0000 - 0x0000000065985000 	C:\Windows\System32\DriverStore\FileRepository\u0351505.inf_amd64_5b0d82e706ad63ce\B351435\atiumd6a.dll
0x00007ffe32ff0000 - 0x00007ffe33073000 	D:\ProGram\bin\freetype.dll
0x00007ffe32f40000 - 0x00007ffe32feb000 	D:\ProGram\bin\fontmanager.dll
0x00007ffe49560000 - 0x00007ffe495f5000 	C:\Windows\System32\TextInputFramework.dll
0x00007ffe616f0000 - 0x00007ffe61a12000 	C:\Windows\System32\CoreUIComponents.dll
0x00007ffe63b90000 - 0x00007ffe63c72000 	C:\Windows\System32\CoreMessaging.dll
0x00007ffe61da0000 - 0x00007ffe61ef3000 	C:\Windows\SYSTEM32\wintypes.dll
0x00007ffe65060000 - 0x00007ffe65091000 	C:\Windows\SYSTEM32\ntmarta.dll

dbghelp: loaded successfully - version: 4.0.5 - missing functions: none
symbol engine: initialized successfully - sym options: 0x614 - pdb path: .;D:\ProGram\bin;C:\Windows\SYSTEM32;C:\Windows\WinSxS\amd64_microsoft.windows.common-controls_6595b64144ccf1df_6.0.17763.1098_none_de762ed45346ee8a;D:\ProGram\bin\server;C:\Windows\System32\DriverStore\FileRepository\u0351505.inf_amd64_5b0d82e706ad63ce\B351435

VM Arguments:
jvm_args: -Dfile.encoding=UTF-8 
java_command: snackgame.Main
java_class_path (initial): C:\Users\COMPUTER\Documents\NetBeansProjects\SnackGame\build\classes
Launcher Type: SUN_STANDARD

[Global flags]
     intx CICompilerCount                          = 4                                         {product} {ergonomic}
     uint ConcGCThreads                            = 2                                         {product} {ergonomic}
     uint G1ConcRefinementThreads                  = 8                                         {product} {ergonomic}
   size_t G1HeapRegionSize                         = 1048576                                   {product} {ergonomic}
    uintx GCDrainStackTargetSize                   = 64                                        {product} {ergonomic}
   size_t InitialHeapSize                          = 100663296                                 {product} {ergonomic}
   size_t MarkStackSize                            = 4194304                                   {product} {ergonomic}
   size_t MaxHeapSize                              = 1595932672                                {product} {ergonomic}
   size_t MaxNewSize                               = 957349888                                 {product} {ergonomic}
   size_t MinHeapDeltaBytes                        = 1048576                                   {product} {ergonomic}
    uintx NonNMethodCodeHeapSize                   = 5836300                                {pd product} {ergonomic}
    uintx NonProfiledCodeHeapSize                  = 122910970                              {pd product} {ergonomic}
    uintx ProfiledCodeHeapSize                     = 122910970                              {pd product} {ergonomic}
    uintx ReservedCodeCacheSize                    = 251658240                              {pd product} {ergonomic}
     bool SegmentedCodeCache                       = true                                      {product} {ergonomic}
     bool UseCompressedClassPointers               = true                                 {lp64_product} {ergonomic}
     bool UseCompressedOops                        = true                                 {lp64_product} {ergonomic}
     bool UseG1GC                                  = true                                      {product} {ergonomic}
     bool UseLargePagesIndividualAllocation        = false                                  {pd product} {ergonomic}

Logging:
Log output configuration:
 #0: stdout all=warning uptime,level,tags
 #1: stderr all=off uptime,level,tags

Environment Variables:
PATH=C:\Windows\system32;C:\Windows;C:\Windows\System32\Wbem;C:\Windows\System32\WindowsPowerShell\v1.0\;C:\Windows\System32\OpenSSH\;C:\Program Files\dotnet\;C:\Program Files\Microsoft SQL Server\130\Tools\Binn\;C:\Users\COMPUTER\AppData\Local\Microsoft\WindowsApps;C:\Users\COMPUTER\AppData\Local\GitHubDesktop\bin;D:\ProGram\IntelliJ IDEA 2019.3.1\bin;;D:\ProGram\IntelliJ IDEA Community Edition 2019.3.1\bin;
USERNAME=COMPUTER
OS=Windows_NT
PROCESSOR_IDENTIFIER=AMD64 Family 23 Model 24 Stepping 1, AuthenticAMD



---------------  S Y S T E M  ---------------

OS: Windows 10 , 64 bit Build 17763 (10.0.17763.475)

CPU:total 8 (initial active 8) (8 cores per cpu, 2 threads per core) family 23 model 24 stepping 1, cmov, cx8, fxsr, mmx, sse, sse2, sse3, ssse3, sse4.1, sse4.2, popcnt, avx, avx2, aes, clmul, mmxext, 3dnowpref, lzcnt, sse4a, ht, tsc, tscinvbit, tscinv, bmi1, bmi2, adx, sha, fma

Memory: 4k page, system-wide physical 6082M (715M free)
TotalPageFile size 24514M (AvailPageFile size 5M)
current process WorkingSet (physical memory assigned to process): 144M, peak: 144M
current process commit charge ("private bytes"): 224M, peak: 226M

vm_info: Java HotSpot(TM) 64-Bit Server VM (11.0.5+10-LTS) for windows-amd64 JRE (11.0.5+10-LTS), built on Oct  6 2019 12:37:14 by "mach5one" with MS VC++ 15.5 (VS2017)

END.
