#
# There is insufficient memory for the Java Runtime Environment to continue.
# Native memory allocation (mmap) failed to map 100663296 bytes for Failed to commit area from 0x00000000a0e00000 to 0x00000000a6e00000 of length 100663296.
# Possible reasons:
#   The system is out of physical RAM or swap space
#   The process is running with CompressedOops enabled, and the Java Heap may be blocking the growth of the native heap
# Possible solutions:
#   Reduce memory load on the system
#   Increase physical memory or swap space
#   Check if swap backing store is full
#   Decrease Java heap size (-Xmx/-Xms)
#   Decrease number of Java threads
#   Decrease Java thread stack sizes (-Xss)
#   Set larger code cache with -XX:ReservedCodeCacheSize=
# This output file may be truncated or incomplete.
#
#  Out of Memory Error (t:/workspace/open/src/hotspot/os/windows/os_windows.cpp:3274), pid=6500, tid=3204
#
# JRE version:  (11.0.5+10) (build )
# Java VM: Java HotSpot(TM) 64-Bit Server VM (11.0.5+10-LTS, mixed mode, aot, sharing, tiered, compressed oops, g1 gc, windows-amd64)
# No core dump will be written. Minidumps are not enabled by default on client versions of Windows
#

---------------  S U M M A R Y ------------

Command Line: -Dfile.encoding=UTF-8 snackgame.Main

Host: AMD Ryzen 5 3550H with Radeon Vega Mobile Gfx  , 8 cores, 5G,  Windows 10 , 64 bit Build 17763 (10.0.17763.475)
Time: Thu Apr  2 15:30:18 2020 SE Asia Standard Time elapsed time: 0 seconds (0d 0h 0m 0s)

---------------  T H R E A D  ---------------

Current thread (0x0000027cc9271000):  JavaThread "Unknown thread" [_thread_in_vm, id=3204, stack(0x000000ae93b00000,0x000000ae93c00000)]

Stack: [0x000000ae93b00000,0x000000ae93c00000]
Native frames: (J=compiled Java code, j=interpreted, Vv=VM code, C=native code)
V  [jvm.dll+0x63611a]
V  [jvm.dll+0x77426f]
V  [jvm.dll+0x77591a]
V  [jvm.dll+0x775fd3]
V  [jvm.dll+0x25e608]
V  [jvm.dll+0x6335ca]
V  [jvm.dll+0x627f85]
V  [jvm.dll+0x314ecc]
V  [jvm.dll+0x314d52]
V  [jvm.dll+0x31a5c6]
V  [jvm.dll+0x3666bf]
V  [jvm.dll+0x3660e0]
V  [jvm.dll+0x2f1c48]
V  [jvm.dll+0x2f2db6]
V  [jvm.dll+0x74d437]
V  [jvm.dll+0x74ebaf]
V  [jvm.dll+0x3734f9]
V  [jvm.dll+0x733ae9]
V  [jvm.dll+0x3e2e1d]
V  [jvm.dll+0x3e51e1]
C  [java.exe+0x3607]
C  [java.exe+0x178dc]
C  [KERNEL32.DLL+0x17974]
C  [ntdll.dll+0x6a261]


---------------  P R O C E S S  ---------------

Threads class SMR info:
_java_thread_list=0x0000027cc7162190, length=0, elements={
}

Java Threads: ( => current thread )

Other Threads:
  0x0000027cc9288800 GCTaskThread "GC Thread#0" [stack: 0x000000ae93c00000,0x000000ae93d00000] [id=14096]
  0x0000027cc92af800 ConcurrentGCThread "G1 Main Marker" [stack: 0x000000ae93d00000,0x000000ae93e00000] [id=5628]
  0x0000027cc92b1000 ConcurrentGCThread "G1 Conc#0" [stack: 0x000000ae93e00000,0x000000ae93f00000] [id=5448]

[error occurred during error reporting (printing all threads), id 0xc0000005, EXCEPTION_ACCESS_VIOLATION (0xc0000005) at pc=0x00007ffbe41b0617]

VM state:not at safepoint (not fully initialized)

VM Mutex/Monitor currently owned by a thread:  ([mutex/lock_event])
[0x0000027cc926fd10] Heap_lock - owner thread: 0x0000027cc9271000

Heap address: 0x00000000a0e00000, size: 1522 MB, Compressed Oops mode: Non-zero based: 0x00000000a0e00000
Narrow klass base: 0x0000000000000000, Narrow klass shift: 0

GC Heap History (0 events):
No events

Deoptimization events (0 events):
No events

Classes redefined (0 events):
No events

Internal exceptions (0 events):
No events

Events (0 events):
No events


Dynamic libraries:
0x00007ff6aaad0000 - 0x00007ff6aab17000 	D:\ProGram\bin\java.exe
0x00007ffc459d0000 - 0x00007ffc45bbd000 	C:\Windows\SYSTEM32\ntdll.dll
0x00007ffc42f30000 - 0x00007ffc42fe3000 	C:\Windows\System32\KERNEL32.DLL
0x00007ffc41be0000 - 0x00007ffc41e73000 	C:\Windows\System32\KERNELBASE.dll
0x00007ffc45290000 - 0x00007ffc45333000 	C:\Windows\System32\ADVAPI32.dll
0x00007ffc45900000 - 0x00007ffc4599e000 	C:\Windows\System32\msvcrt.dll
0x00007ffc42e80000 - 0x00007ffc42f1e000 	C:\Windows\System32\sechost.dll
0x00007ffc450b0000 - 0x00007ffc451d2000 	C:\Windows\System32\RPCRT4.dll
0x00007ffc42c20000 - 0x00007ffc42db7000 	C:\Windows\System32\USER32.dll
0x00007ffc42950000 - 0x00007ffc42970000 	C:\Windows\System32\win32u.dll
0x00007ffc43690000 - 0x00007ffc436b9000 	C:\Windows\System32\GDI32.dll
0x00007ffc41e80000 - 0x00007ffc42019000 	C:\Windows\System32\gdi32full.dll
0x00007ffc42970000 - 0x00007ffc42a10000 	C:\Windows\System32\msvcp_win.dll
0x00007ffc42850000 - 0x00007ffc4294a000 	C:\Windows\System32\ucrtbase.dll
0x00007ffc2bde0000 - 0x00007ffc2c059000 	C:\Windows\WinSxS\amd64_microsoft.windows.common-controls_6595b64144ccf1df_6.0.17763.1098_none_de762ed45346ee8a\COMCTL32.dll
0x00007ffc40550000 - 0x00007ffc4055a000 	C:\Windows\SYSTEM32\VERSION.dll
0x00007ffc42ff0000 - 0x00007ffc4331c000 	C:\Windows\System32\combase.dll
0x00007ffc41ab0000 - 0x00007ffc41b2e000 	C:\Windows\System32\bcryptPrimitives.dll
0x00007ffc42bf0000 - 0x00007ffc42c1e000 	C:\Windows\System32\IMM32.DLL
0x00007ffc3f820000 - 0x00007ffc3f836000 	D:\ProGram\bin\vcruntime140.dll
0x00007ffc23f40000 - 0x00007ffc23fea000 	D:\ProGram\bin\msvcp140.dll
0x00007ffbe3eb0000 - 0x00007ffbe49d8000 	D:\ProGram\bin\server\jvm.dll
0x00007ffc43320000 - 0x00007ffc43328000 	C:\Windows\System32\PSAPI.DLL
0x00007ffc17830000 - 0x00007ffc17839000 	C:\Windows\SYSTEM32\WSOCK32.dll
0x00007ffc3f500000 - 0x00007ffc3f524000 	C:\Windows\SYSTEM32\WINMM.dll
0x00007ffc44cf0000 - 0x00007ffc44d5d000 	C:\Windows\System32\WS2_32.dll
0x00007ffc3f170000 - 0x00007ffc3f19d000 	C:\Windows\SYSTEM32\winmmbase.dll
0x00007ffc42050000 - 0x00007ffc4209a000 	C:\Windows\System32\cfgmgr32.dll
0x00007ffc41a40000 - 0x00007ffc41a51000 	C:\Windows\System32\kernel.appcore.dll
0x00007ffc3e010000 - 0x00007ffc3e021000 	D:\ProGram\bin\verify.dll
0x00007ffc32f90000 - 0x00007ffc3317d000 	C:\Windows\SYSTEM32\DBGHELP.DLL
0x00007ffc2f750000 - 0x00007ffc2f77a000 	C:\Windows\SYSTEM32\dbgcore.DLL
0x00007ffc3e030000 - 0x00007ffc3e059000 	D:\ProGram\bin\java.dll
0x00007ffc3dff0000 - 0x00007ffc3e006000 	D:\ProGram\bin\zip.dll
0x00007ffc3dfe0000 - 0x00007ffc3dfea000 	D:\ProGram\bin\jimage.dll

dbghelp: loaded successfully - version: 4.0.5 - missing functions: none
symbol engine: initialized successfully - sym options: 0x614 - pdb path: .;D:\ProGram\bin;C:\Windows\SYSTEM32;C:\Windows\WinSxS\amd64_microsoft.windows.common-controls_6595b64144ccf1df_6.0.17763.1098_none_de762ed45346ee8a;D:\ProGram\bin\server

VM Arguments:
jvm_args: -Dfile.encoding=UTF-8 
java_command: snackgame.Main
java_class_path (initial): C:\Users\COMPUTER\Documents\NetBeansProjects\SnackGame\build\classes
Launcher Type: SUN_STANDARD

[Global flags]
     intx CICompilerCount                          = 4                                         {product} {ergonomic}
     uint ConcGCThreads                            = 2                                         {product} {ergonomic}
     uint G1ConcRefinementThreads                  = 8                                         {product} {ergonomic}
   size_t G1HeapRegionSize                         = 1048576                                   {product} {ergonomic}
    uintx GCDrainStackTargetSize                   = 64                                        {product} {ergonomic}
   size_t InitialHeapSize                          = 100663296                                 {product} {ergonomic}
   size_t MarkStackSize                            = 4194304                                   {product} {ergonomic}
   size_t MaxHeapSize                              = 1595932672                                {product} {ergonomic}
   size_t MinHeapDeltaBytes                        = 1048576                                   {product} {ergonomic}
    uintx NonNMethodCodeHeapSize                   = 5836300                                {pd product} {ergonomic}
    uintx NonProfiledCodeHeapSize                  = 122910970                              {pd product} {ergonomic}
    uintx ProfiledCodeHeapSize                     = 122910970                              {pd product} {ergonomic}
    uintx ReservedCodeCacheSize                    = 251658240                              {pd product} {ergonomic}
     bool SegmentedCodeCache                       = true                                      {product} {ergonomic}
     bool UseCompressedClassPointers               = true                                 {lp64_product} {ergonomic}
     bool UseCompressedOops                        = true                                 {lp64_product} {ergonomic}
     bool UseG1GC                                  = true                                      {product} {ergonomic}
     bool UseLargePagesIndividualAllocation        = false                                  {pd product} {ergonomic}

Logging:
Log output configuration:
 #0: stdout all=warning uptime,level,tags
 #1: stderr all=off uptime,level,tags

Environment Variables:
PATH=C:\Windows\system32;C:\Windows;C:\Windows\System32\Wbem;C:\Windows\System32\WindowsPowerShell\v1.0\;C:\Windows\System32\OpenSSH\;C:\Program Files\dotnet\;C:\Program Files\Microsoft SQL Server\130\Tools\Binn\;C:\Users\COMPUTER\AppData\Local\Microsoft\WindowsApps;C:\Users\COMPUTER\AppData\Local\GitHubDesktop\bin;D:\ProGram\IntelliJ IDEA 2019.3.1\bin;;D:\ProGram\IntelliJ IDEA Community Edition 2019.3.1\bin;
USERNAME=COMPUTER
OS=Windows_NT
PROCESSOR_IDENTIFIER=AMD64 Family 23 Model 24 Stepping 1, AuthenticAMD



---------------  S Y S T E M  ---------------

OS: Windows 10 , 64 bit Build 17763 (10.0.17763.475)

CPU:total 8 (initial active 8) (8 cores per cpu, 2 threads per core) family 23 model 24 stepping 1, cmov, cx8, fxsr, mmx, sse, sse2, sse3, ssse3, sse4.1, sse4.2, popcnt, avx, avx2, aes, clmul, mmxext, 3dnowpref, lzcnt, sse4a, ht, tsc, tscinvbit, tscinv, bmi1, bmi2, adx, sha, fma

Memory: 4k page, system-wide physical 6082M (468M free)
TotalPageFile size 24514M (AvailPageFile size 97M)
current process WorkingSet (physical memory assigned to process): 9M, peak: 9M
current process commit charge ("private bytes"): 60M, peak: 155M

vm_info: Java HotSpot(TM) 64-Bit Server VM (11.0.5+10-LTS) for windows-amd64 JRE (11.0.5+10-LTS), built on Oct  6 2019 12:37:14 by "mach5one" with MS VC++ 15.5 (VS2017)

END.
