#
# There is insufficient memory for the Java Runtime Environment to continue.
# Native memory allocation (malloc) failed to allocate 32744 bytes for ChunkPool::allocate
# Possible reasons:
#   The system is out of physical RAM or swap space
#   The process is running with CompressedOops enabled, and the Java Heap may be blocking the growth of the native heap
# Possible solutions:
#   Reduce memory load on the system
#   Increase physical memory or swap space
#   Check if swap backing store is full
#   Decrease Java heap size (-Xmx/-Xms)
#   Decrease number of Java threads
#   Decrease Java thread stack sizes (-Xss)
#   Set larger code cache with -XX:ReservedCodeCacheSize=
#   JVM is running with Unscaled Compressed Oops mode in which the Java heap is
#     placed in the first 4GB address space. The Java Heap base address is the
#     maximum limit for the native heap growth. Please use -XX:HeapBaseMinAddress
#     to set the Java Heap base and to place the Java Heap above 4GB virtual address.
# This output file may be truncated or incomplete.
#
#  Out of Memory Error (t:/workspace/open/src/hotspot/share/memory/arena.cpp:81), pid=5776, tid=8212
#
# JRE version: Java(TM) SE Runtime Environment (11.0.5+10) (build 11.0.5+10-LTS)
# Java VM: Java HotSpot(TM) 64-Bit Server VM (11.0.5+10-LTS, mixed mode, tiered, compressed oops, g1 gc, windows-amd64)
# No core dump will be written. Minidumps are not enabled by default on client versions of Windows
#

---------------  S U M M A R Y ------------

Command Line: -Dfile.encoding=UTF-8 snackgame.Main

Host: AMD Ryzen 5 3550H with Radeon Vega Mobile Gfx  , 8 cores, 5G,  Windows 10 , 64 bit Build 17763 (10.0.17763.475)
Time: Thu Apr  2 15:31:10 2020 SE Asia Standard Time elapsed time: 0 seconds (0d 0h 0m 0s)

---------------  T H R E A D  ---------------

Current thread (0x0000025c1416e000):  JavaThread "C1 CompilerThread0" daemon [_thread_in_native, id=8212, stack(0x00000093adf00000,0x00000093ae000000)]


Current CompileTask:
C1:    323  230       3       jdk.internal.org.objectweb.asm.Frame::execute (2264 bytes)

Stack: [0x00000093adf00000,0x00000093ae000000]
Native frames: (J=compiled Java code, j=interpreted, Vv=VM code, C=native code)
V  [jvm.dll+0x63611a]
V  [jvm.dll+0x77426f]
V  [jvm.dll+0x77591a]
V  [jvm.dll+0x775fd3]
V  [jvm.dll+0x25e608]
V  [jvm.dll+0xc215b]
V  [jvm.dll+0xc24bc]
V  [jvm.dll+0x179134]
V  [jvm.dll+0x1753c9]
V  [jvm.dll+0x177909]
V  [jvm.dll+0x179601]
V  [jvm.dll+0x12cfef]
V  [jvm.dll+0x12c7f9]
V  [jvm.dll+0x12ca2f]
V  [jvm.dll+0x12bba7]
V  [jvm.dll+0x12dc47]
V  [jvm.dll+0x226684]
V  [jvm.dll+0x224c78]
V  [jvm.dll+0x7396cd]
V  [jvm.dll+0x6351c2]
C  [ucrtbase.dll+0x21ffa]
C  [KERNEL32.DLL+0x17974]
C  [ntdll.dll+0x6a261]


---------------  P R O C E S S  ---------------

Threads class SMR info:
_java_thread_list=0x0000025c14b0c970, length=10, elements={
0x0000025c746f0800, 0x0000025c14144800, 0x0000025c14148000, 0x0000025c14168000,
0x0000025c14168800, 0x0000025c1416b000, 0x0000025c1416e000, 0x0000025c1417a800,
0x0000025c14b17000, 0x0000025c14b22000
}

Java Threads: ( => current thread )
  0x0000025c746f0800 JavaThread "main" [_thread_in_Java, id=11344, stack(0x00000093ad300000,0x00000093ad400000)]
  0x0000025c14144800 JavaThread "Reference Handler" daemon [_thread_blocked, id=6884, stack(0x00000093ada00000,0x00000093adb00000)]
  0x0000025c14148000 JavaThread "Finalizer" daemon [_thread_blocked, id=6632, stack(0x00000093adb00000,0x00000093adc00000)]
  0x0000025c14168000 JavaThread "Signal Dispatcher" daemon [_thread_blocked, id=5780, stack(0x00000093adc00000,0x00000093add00000)]
  0x0000025c14168800 JavaThread "Attach Listener" daemon [_thread_blocked, id=12972, stack(0x00000093add00000,0x00000093ade00000)]
  0x0000025c1416b000 JavaThread "C2 CompilerThread0" daemon [_thread_in_native, id=13772, stack(0x00000093ade00000,0x00000093adf00000)]
=>0x0000025c1416e000 JavaThread "C1 CompilerThread0" daemon [_thread_in_native, id=8212, stack(0x00000093adf00000,0x00000093ae000000)]
  0x0000025c1417a800 JavaThread "Sweeper thread" daemon [_thread_blocked, id=3220, stack(0x00000093ae000000,0x00000093ae100000)]
  0x0000025c14b17000 JavaThread "Service Thread" daemon [_thread_blocked, id=10156, stack(0x00000093ae100000,0x00000093ae200000)]
  0x0000025c14b22000 JavaThread "Common-Cleaner" daemon [_thread_blocked, id=11144, stack(0x00000093ae300000,0x00000093ae400000)]

Other Threads:
  0x0000025c14122000 VMThread "VM Thread" [stack: 0x00000093ad900000,0x00000093ada00000] [id=8296]
  0x0000025c14b21800 WatcherThread [stack: 0x00000093ae200000,0x00000093ae300000] [id=13344]
  0x0000025c74707800 GCTaskThread "GC Thread#0" [stack: 0x00000093ad400000,0x00000093ad500000] [id=12336]
  0x0000025c7472e000 ConcurrentGCThread "G1 Main Marker" [stack: 0x00000093ad500000,0x00000093ad600000] [id=1592]
  0x0000025c74730800 ConcurrentGCThread "G1 Conc#0" [stack: 0x00000093ad600000,0x00000093ad700000] [id=4408]
  0x0000025c747bb800 ConcurrentGCThread "G1 Refine#0" [stack: 0x00000093ad700000,0x00000093ad800000] [id=10288]
  0x0000025c747bc800 ConcurrentGCThread "G1 Young RemSet Sampling" [stack: 0x00000093ad800000,0x00000093ad900000] [id=8320]

Threads with active compile tasks:
C2 CompilerThread0 262       4       jdk.internal.org.objectweb.asm.ByteVector::putUTF8 (142 bytes)
C1 CompilerThread0 230       3       jdk.internal.org.objectweb.asm.Frame::execute (2264 bytes)

VM state:not at safepoint (normal execution)

VM Mutex/Monitor currently owned by a thread: None

Heap address: 0x00000000a0e00000, size: 1522 MB, Compressed Oops mode: 32-bit
Narrow klass base: 0x0000000000000000, Narrow klass shift: 3
Compressed class space size: 1073741824 Address: 0x0000000100000000

Heap:
 garbage-first heap   total 98304K, used 2048K [0x00000000a0e00000, 0x0000000100000000)
  region size 1024K, 3 young (3072K), 0 survivors (0K)
 Metaspace       used 6428K, capacity 6527K, committed 6784K, reserved 1056768K
  class space    used 575K, capacity 622K, committed 640K, reserved 1048576K
Heap Regions: E=young(eden), S=young(survivor), O=old, HS=humongous(starts), HC=humongous(continues), CS=collection set, F=free, A=archive, TAMS=top-at-mark-start (previous, next)
|   0|0x00000000a0e00000, 0x00000000a0e00000, 0x00000000a0f00000|  0%| F|  |TAMS 0x00000000a0e00000, 0x00000000a0e00000| Untracked 
|   1|0x00000000a0f00000, 0x00000000a0f00000, 0x00000000a1000000|  0%| F|  |TAMS 0x00000000a0f00000, 0x00000000a0f00000| Untracked 
|   2|0x00000000a1000000, 0x00000000a1000000, 0x00000000a1100000|  0%| F|  |TAMS 0x00000000a1000000, 0x00000000a1000000| Untracked 
|   3|0x00000000a1100000, 0x00000000a1100000, 0x00000000a1200000|  0%| F|  |TAMS 0x00000000a1100000, 0x00000000a1100000| Untracked 
|   4|0x00000000a1200000, 0x00000000a1200000, 0x00000000a1300000|  0%| F|  |TAMS 0x00000000a1200000, 0x00000000a1200000| Untracked 
|   5|0x00000000a1300000, 0x00000000a1300000, 0x00000000a1400000|  0%| F|  |TAMS 0x00000000a1300000, 0x00000000a1300000| Untracked 
|   6|0x00000000a1400000, 0x00000000a1400000, 0x00000000a1500000|  0%| F|  |TAMS 0x00000000a1400000, 0x00000000a1400000| Untracked 
|   7|0x00000000a1500000, 0x00000000a1500000, 0x00000000a1600000|  0%| F|  |TAMS 0x00000000a1500000, 0x00000000a1500000| Untracked 
|   8|0x00000000a1600000, 0x00000000a1600000, 0x00000000a1700000|  0%| F|  |TAMS 0x00000000a1600000, 0x00000000a1600000| Untracked 
|   9|0x00000000a1700000, 0x00000000a1700000, 0x00000000a1800000|  0%| F|  |TAMS 0x00000000a1700000, 0x00000000a1700000| Untracked 
|  10|0x00000000a1800000, 0x00000000a1800000, 0x00000000a1900000|  0%| F|  |TAMS 0x00000000a1800000, 0x00000000a1800000| Untracked 
|  11|0x00000000a1900000, 0x00000000a1900000, 0x00000000a1a00000|  0%| F|  |TAMS 0x00000000a1900000, 0x00000000a1900000| Untracked 
|  12|0x00000000a1a00000, 0x00000000a1a00000, 0x00000000a1b00000|  0%| F|  |TAMS 0x00000000a1a00000, 0x00000000a1a00000| Untracked 
|  13|0x00000000a1b00000, 0x00000000a1b00000, 0x00000000a1c00000|  0%| F|  |TAMS 0x00000000a1b00000, 0x00000000a1b00000| Untracked 
|  14|0x00000000a1c00000, 0x00000000a1c00000, 0x00000000a1d00000|  0%| F|  |TAMS 0x00000000a1c00000, 0x00000000a1c00000| Untracked 
|  15|0x00000000a1d00000, 0x00000000a1d00000, 0x00000000a1e00000|  0%| F|  |TAMS 0x00000000a1d00000, 0x00000000a1d00000| Untracked 
|  16|0x00000000a1e00000, 0x00000000a1e00000, 0x00000000a1f00000|  0%| F|  |TAMS 0x00000000a1e00000, 0x00000000a1e00000| Untracked 
|  17|0x00000000a1f00000, 0x00000000a1f00000, 0x00000000a2000000|  0%| F|  |TAMS 0x00000000a1f00000, 0x00000000a1f00000| Untracked 
|  18|0x00000000a2000000, 0x00000000a2000000, 0x00000000a2100000|  0%| F|  |TAMS 0x00000000a2000000, 0x00000000a2000000| Untracked 
|  19|0x00000000a2100000, 0x00000000a2100000, 0x00000000a2200000|  0%| F|  |TAMS 0x00000000a2100000, 0x00000000a2100000| Untracked 
|  20|0x00000000a2200000, 0x00000000a2200000, 0x00000000a2300000|  0%| F|  |TAMS 0x00000000a2200000, 0x00000000a2200000| Untracked 
|  21|0x00000000a2300000, 0x00000000a2300000, 0x00000000a2400000|  0%| F|  |TAMS 0x00000000a2300000, 0x00000000a2300000| Untracked 
|  22|0x00000000a2400000, 0x00000000a2400000, 0x00000000a2500000|  0%| F|  |TAMS 0x00000000a2400000, 0x00000000a2400000| Untracked 
|  23|0x00000000a2500000, 0x00000000a2500000, 0x00000000a2600000|  0%| F|  |TAMS 0x00000000a2500000, 0x00000000a2500000| Untracked 
|  24|0x00000000a2600000, 0x00000000a2600000, 0x00000000a2700000|  0%| F|  |TAMS 0x00000000a2600000, 0x00000000a2600000| Untracked 
|  25|0x00000000a2700000, 0x00000000a2700000, 0x00000000a2800000|  0%| F|  |TAMS 0x00000000a2700000, 0x00000000a2700000| Untracked 
|  26|0x00000000a2800000, 0x00000000a2800000, 0x00000000a2900000|  0%| F|  |TAMS 0x00000000a2800000, 0x00000000a2800000| Untracked 
|  27|0x00000000a2900000, 0x00000000a2900000, 0x00000000a2a00000|  0%| F|  |TAMS 0x00000000a2900000, 0x00000000a2900000| Untracked 
|  28|0x00000000a2a00000, 0x00000000a2a00000, 0x00000000a2b00000|  0%| F|  |TAMS 0x00000000a2a00000, 0x00000000a2a00000| Untracked 
|  29|0x00000000a2b00000, 0x00000000a2b00000, 0x00000000a2c00000|  0%| F|  |TAMS 0x00000000a2b00000, 0x00000000a2b00000| Untracked 
|  30|0x00000000a2c00000, 0x00000000a2c00000, 0x00000000a2d00000|  0%| F|  |TAMS 0x00000000a2c00000, 0x00000000a2c00000| Untracked 
|  31|0x00000000a2d00000, 0x00000000a2d00000, 0x00000000a2e00000|  0%| F|  |TAMS 0x00000000a2d00000, 0x00000000a2d00000| Untracked 
|  32|0x00000000a2e00000, 0x00000000a2e00000, 0x00000000a2f00000|  0%| F|  |TAMS 0x00000000a2e00000, 0x00000000a2e00000| Untracked 
|  33|0x00000000a2f00000, 0x00000000a2f00000, 0x00000000a3000000|  0%| F|  |TAMS 0x00000000a2f00000, 0x00000000a2f00000| Untracked 
|  34|0x00000000a3000000, 0x00000000a3000000, 0x00000000a3100000|  0%| F|  |TAMS 0x00000000a3000000, 0x00000000a3000000| Untracked 
|  35|0x00000000a3100000, 0x00000000a3100000, 0x00000000a3200000|  0%| F|  |TAMS 0x00000000a3100000, 0x00000000a3100000| Untracked 
|  36|0x00000000a3200000, 0x00000000a3200000, 0x00000000a3300000|  0%| F|  |TAMS 0x00000000a3200000, 0x00000000a3200000| Untracked 
|  37|0x00000000a3300000, 0x00000000a3300000, 0x00000000a3400000|  0%| F|  |TAMS 0x00000000a3300000, 0x00000000a3300000| Untracked 
|  38|0x00000000a3400000, 0x00000000a3400000, 0x00000000a3500000|  0%| F|  |TAMS 0x00000000a3400000, 0x00000000a3400000| Untracked 
|  39|0x00000000a3500000, 0x00000000a3500000, 0x00000000a3600000|  0%| F|  |TAMS 0x00000000a3500000, 0x00000000a3500000| Untracked 
|  40|0x00000000a3600000, 0x00000000a3600000, 0x00000000a3700000|  0%| F|  |TAMS 0x00000000a3600000, 0x00000000a3600000| Untracked 
|  41|0x00000000a3700000, 0x00000000a3700000, 0x00000000a3800000|  0%| F|  |TAMS 0x00000000a3700000, 0x00000000a3700000| Untracked 
|  42|0x00000000a3800000, 0x00000000a3800000, 0x00000000a3900000|  0%| F|  |TAMS 0x00000000a3800000, 0x00000000a3800000| Untracked 
|  43|0x00000000a3900000, 0x00000000a3900000, 0x00000000a3a00000|  0%| F|  |TAMS 0x00000000a3900000, 0x00000000a3900000| Untracked 
|  44|0x00000000a3a00000, 0x00000000a3a00000, 0x00000000a3b00000|  0%| F|  |TAMS 0x00000000a3a00000, 0x00000000a3a00000| Untracked 
|  45|0x00000000a3b00000, 0x00000000a3b00000, 0x00000000a3c00000|  0%| F|  |TAMS 0x00000000a3b00000, 0x00000000a3b00000| Untracked 
|  46|0x00000000a3c00000, 0x00000000a3c00000, 0x00000000a3d00000|  0%| F|  |TAMS 0x00000000a3c00000, 0x00000000a3c00000| Untracked 
|  47|0x00000000a3d00000, 0x00000000a3d00000, 0x00000000a3e00000|  0%| F|  |TAMS 0x00000000a3d00000, 0x00000000a3d00000| Untracked 
|  48|0x00000000a3e00000, 0x00000000a3e00000, 0x00000000a3f00000|  0%| F|  |TAMS 0x00000000a3e00000, 0x00000000a3e00000| Untracked 
|  49|0x00000000a3f00000, 0x00000000a3f00000, 0x00000000a4000000|  0%| F|  |TAMS 0x00000000a3f00000, 0x00000000a3f00000| Untracked 
|  50|0x00000000a4000000, 0x00000000a4000000, 0x00000000a4100000|  0%| F|  |TAMS 0x00000000a4000000, 0x00000000a4000000| Untracked 
|  51|0x00000000a4100000, 0x00000000a4100000, 0x00000000a4200000|  0%| F|  |TAMS 0x00000000a4100000, 0x00000000a4100000| Untracked 
|  52|0x00000000a4200000, 0x00000000a4200000, 0x00000000a4300000|  0%| F|  |TAMS 0x00000000a4200000, 0x00000000a4200000| Untracked 
|  53|0x00000000a4300000, 0x00000000a4300000, 0x00000000a4400000|  0%| F|  |TAMS 0x00000000a4300000, 0x00000000a4300000| Untracked 
|  54|0x00000000a4400000, 0x00000000a4400000, 0x00000000a4500000|  0%| F|  |TAMS 0x00000000a4400000, 0x00000000a4400000| Untracked 
|  55|0x00000000a4500000, 0x00000000a4500000, 0x00000000a4600000|  0%| F|  |TAMS 0x00000000a4500000, 0x00000000a4500000| Untracked 
|  56|0x00000000a4600000, 0x00000000a4600000, 0x00000000a4700000|  0%| F|  |TAMS 0x00000000a4600000, 0x00000000a4600000| Untracked 
|  57|0x00000000a4700000, 0x00000000a4700000, 0x00000000a4800000|  0%| F|  |TAMS 0x00000000a4700000, 0x00000000a4700000| Untracked 
|  58|0x00000000a4800000, 0x00000000a4800000, 0x00000000a4900000|  0%| F|  |TAMS 0x00000000a4800000, 0x00000000a4800000| Untracked 
|  59|0x00000000a4900000, 0x00000000a4900000, 0x00000000a4a00000|  0%| F|  |TAMS 0x00000000a4900000, 0x00000000a4900000| Untracked 
|  60|0x00000000a4a00000, 0x00000000a4a00000, 0x00000000a4b00000|  0%| F|  |TAMS 0x00000000a4a00000, 0x00000000a4a00000| Untracked 
|  61|0x00000000a4b00000, 0x00000000a4b00000, 0x00000000a4c00000|  0%| F|  |TAMS 0x00000000a4b00000, 0x00000000a4b00000| Untracked 
|  62|0x00000000a4c00000, 0x00000000a4c00000, 0x00000000a4d00000|  0%| F|  |TAMS 0x00000000a4c00000, 0x00000000a4c00000| Untracked 
|  63|0x00000000a4d00000, 0x00000000a4d00000, 0x00000000a4e00000|  0%| F|  |TAMS 0x00000000a4d00000, 0x00000000a4d00000| Untracked 
|  64|0x00000000a4e00000, 0x00000000a4e00000, 0x00000000a4f00000|  0%| F|  |TAMS 0x00000000a4e00000, 0x00000000a4e00000| Untracked 
|  65|0x00000000a4f00000, 0x00000000a4f00000, 0x00000000a5000000|  0%| F|  |TAMS 0x00000000a4f00000, 0x00000000a4f00000| Untracked 
|  66|0x00000000a5000000, 0x00000000a5000000, 0x00000000a5100000|  0%| F|  |TAMS 0x00000000a5000000, 0x00000000a5000000| Untracked 
|  67|0x00000000a5100000, 0x00000000a5100000, 0x00000000a5200000|  0%| F|  |TAMS 0x00000000a5100000, 0x00000000a5100000| Untracked 
|  68|0x00000000a5200000, 0x00000000a5200000, 0x00000000a5300000|  0%| F|  |TAMS 0x00000000a5200000, 0x00000000a5200000| Untracked 
|  69|0x00000000a5300000, 0x00000000a5300000, 0x00000000a5400000|  0%| F|  |TAMS 0x00000000a5300000, 0x00000000a5300000| Untracked 
|  70|0x00000000a5400000, 0x00000000a5400000, 0x00000000a5500000|  0%| F|  |TAMS 0x00000000a5400000, 0x00000000a5400000| Untracked 
|  71|0x00000000a5500000, 0x00000000a5500000, 0x00000000a5600000|  0%| F|  |TAMS 0x00000000a5500000, 0x00000000a5500000| Untracked 
|  72|0x00000000a5600000, 0x00000000a5600000, 0x00000000a5700000|  0%| F|  |TAMS 0x00000000a5600000, 0x00000000a5600000| Untracked 
|  73|0x00000000a5700000, 0x00000000a5700000, 0x00000000a5800000|  0%| F|  |TAMS 0x00000000a5700000, 0x00000000a5700000| Untracked 
|  74|0x00000000a5800000, 0x00000000a5800000, 0x00000000a5900000|  0%| F|  |TAMS 0x00000000a5800000, 0x00000000a5800000| Untracked 
|  75|0x00000000a5900000, 0x00000000a5900000, 0x00000000a5a00000|  0%| F|  |TAMS 0x00000000a5900000, 0x00000000a5900000| Untracked 
|  76|0x00000000a5a00000, 0x00000000a5a00000, 0x00000000a5b00000|  0%| F|  |TAMS 0x00000000a5a00000, 0x00000000a5a00000| Untracked 
|  77|0x00000000a5b00000, 0x00000000a5b00000, 0x00000000a5c00000|  0%| F|  |TAMS 0x00000000a5b00000, 0x00000000a5b00000| Untracked 
|  78|0x00000000a5c00000, 0x00000000a5c00000, 0x00000000a5d00000|  0%| F|  |TAMS 0x00000000a5c00000, 0x00000000a5c00000| Untracked 
|  79|0x00000000a5d00000, 0x00000000a5d00000, 0x00000000a5e00000|  0%| F|  |TAMS 0x00000000a5d00000, 0x00000000a5d00000| Untracked 
|  80|0x00000000a5e00000, 0x00000000a5e00000, 0x00000000a5f00000|  0%| F|  |TAMS 0x00000000a5e00000, 0x00000000a5e00000| Untracked 
|  81|0x00000000a5f00000, 0x00000000a5f00000, 0x00000000a6000000|  0%| F|  |TAMS 0x00000000a5f00000, 0x00000000a5f00000| Untracked 
|  82|0x00000000a6000000, 0x00000000a6000000, 0x00000000a6100000|  0%| F|  |TAMS 0x00000000a6000000, 0x00000000a6000000| Untracked 
|  83|0x00000000a6100000, 0x00000000a6100000, 0x00000000a6200000|  0%| F|  |TAMS 0x00000000a6100000, 0x00000000a6100000| Untracked 
|  84|0x00000000a6200000, 0x00000000a6200000, 0x00000000a6300000|  0%| F|  |TAMS 0x00000000a6200000, 0x00000000a6200000| Untracked 
|  85|0x00000000a6300000, 0x00000000a6300000, 0x00000000a6400000|  0%| F|  |TAMS 0x00000000a6300000, 0x00000000a6300000| Untracked 
|  86|0x00000000a6400000, 0x00000000a6400000, 0x00000000a6500000|  0%| F|  |TAMS 0x00000000a6400000, 0x00000000a6400000| Untracked 
|  87|0x00000000a6500000, 0x00000000a6500000, 0x00000000a6600000|  0%| F|  |TAMS 0x00000000a6500000, 0x00000000a6500000| Untracked 
|  88|0x00000000a6600000, 0x00000000a6600000, 0x00000000a6700000|  0%| F|  |TAMS 0x00000000a6600000, 0x00000000a6600000| Untracked 
|  89|0x00000000a6700000, 0x00000000a6700000, 0x00000000a6800000|  0%| F|  |TAMS 0x00000000a6700000, 0x00000000a6700000| Untracked 
|  90|0x00000000a6800000, 0x00000000a6800000, 0x00000000a6900000|  0%| F|  |TAMS 0x00000000a6800000, 0x00000000a6800000| Untracked 
|  91|0x00000000a6900000, 0x00000000a6900000, 0x00000000a6a00000|  0%| F|  |TAMS 0x00000000a6900000, 0x00000000a6900000| Untracked 
|  92|0x00000000a6a00000, 0x00000000a6a00000, 0x00000000a6b00000|  0%| F|  |TAMS 0x00000000a6a00000, 0x00000000a6a00000| Untracked 
|  93|0x00000000a6b00000, 0x00000000a6b7ba20, 0x00000000a6c00000| 48%| E|  |TAMS 0x00000000a6b00000, 0x00000000a6b00000| Complete 
|  94|0x00000000a6c00000, 0x00000000a6d00000, 0x00000000a6d00000|100%| E|CS|TAMS 0x00000000a6c00000, 0x00000000a6c00000| Complete 
|  95|0x00000000a6d00000, 0x00000000a6e00000, 0x00000000a6e00000|100%| E|CS|TAMS 0x00000000a6d00000, 0x00000000a6d00000| Complete 

Card table byte_map: [0x0000025c7efc0000,0x0000025c7f2c0000] _byte_map_base: 0x0000025c7eab9000

Marking Bits (Prev, Next): (CMBitMap*) 0x0000025c74727698, (CMBitMap*) 0x0000025c747276d0
 Prev Bits: [0x0000025c0f000000, 0x0000025c107c8000)
 Next Bits: [0x0000025c107d0000, 0x0000025c11f98000)

Polling page: 0x0000025c745b0000

Metaspace:

Usage:
  Non-class:      5.77 MB capacity,     5.72 MB (>99%) used,    43.83 KB ( <1%) free+waste,     6.25 KB ( <1%) overhead. 
      Class:    625.00 KB capacity,   576.92 KB ( 92%) used,    44.89 KB (  7%) free+waste,     3.19 KB ( <1%) overhead. 
       Both:      6.38 MB capacity,     6.29 MB ( 98%) used,    88.72 KB (  1%) free+waste,     9.44 KB ( <1%) overhead. 

Virtual space:
  Non-class space:        8.00 MB reserved,       6.00 MB ( 75%) committed 
      Class space:        1.00 GB reserved,     640.00 KB ( <1%) committed 
             Both:        1.01 GB reserved,       6.63 MB ( <1%) committed 

Chunk freelists:
   Non-Class:  0 bytes
       Class:  0 bytes
        Both:  0 bytes

CodeHeap 'non-profiled nmethods': size=120000Kb used=75Kb max_used=75Kb free=119924Kb
 bounds [0x0000025c07ad0000, 0x0000025c07d40000, 0x0000025c0f000000]
CodeHeap 'profiled nmethods': size=120000Kb used=269Kb max_used=269Kb free=119730Kb
 bounds [0x0000025c005a0000, 0x0000025c00810000, 0x0000025c07ad0000]
CodeHeap 'non-nmethods': size=5760Kb used=1041Kb max_used=1048Kb free=4718Kb
 bounds [0x0000025c00000000, 0x0000025c00270000, 0x0000025c005a0000]
 total_blobs=617 nmethods=244 adapters=228
 compilation: enabled
              stopped_count=0, restarted_count=0
 full_count=0

Compilation events (10 events):
Event: 0.316 Thread 0x0000025c1416e000 nmethod 221 0x0000025c07ae0310 code [0x0000025c07ae04c0, 0x0000025c07ae05d8]
Event: 0.317 Thread 0x0000025c1416e000  225       3       java.lang.invoke.LambdaForm::parameter (52 bytes)
Event: 0.317 Thread 0x0000025c1416e000 nmethod 225 0x0000025c005e2310 code [0x0000025c005e24c0, 0x0000025c005e2678]
Event: 0.317 Thread 0x0000025c1416e000  226       3       java.util.ImmutableCollections$ListN::size (6 bytes)
Event: 0.317 Thread 0x0000025c1416e000 nmethod 226 0x0000025c005e2790 code [0x0000025c005e2940, 0x0000025c005e2ab8]
Event: 0.317 Thread 0x0000025c1416e000  228       3       java.util.ImmutableCollections$ListN::get (7 bytes)
Event: 0.317 Thread 0x0000025c1416e000 nmethod 228 0x0000025c005e2b90 code [0x0000025c005e2d40, 0x0000025c005e2ed8]
Event: 0.317 Thread 0x0000025c1416e000  227       3       java.lang.invoke.LambdaForm$NamedFunction::methodType (23 bytes)
Event: 0.317 Thread 0x0000025c1416e000 nmethod 227 0x0000025c005e2f90 code [0x0000025c005e3160, 0x0000025c005e33f0]
Event: 0.317 Thread 0x0000025c1416e000  230       3       jdk.internal.org.objectweb.asm.Frame::execute (2264 bytes)

GC Heap History (0 events):
No events

Deoptimization events (1 events):
Event: 0.222 Thread 0x0000025c746f0800 Uncommon trap: reason=unstable_if action=reinterpret pc=0x0000025c07ad569c method=java.lang.String.hashCode()I @ 14 c2

Classes redefined (0 events):
No events

Internal exceptions (1 events):
Event: 0.281 Thread 0x0000025c746f0800 Exception <a 'java/lang/ClassNotFoundException'{0x00000000a6c55080}: sun/awt/resources/spi/awtProvider> (0x00000000a6c55080) thrown at [t:/workspace/open/src/hotspot/share/classfile/systemDictionary.cpp, line 231]

Events (10 events):
Event: 0.312 loading class java/lang/invoke/BoundMethodHandle$Species_LLLLL
Event: 0.313 loading class java/lang/invoke/BoundMethodHandle$Species_LLLLL done
Event: 0.315 loading class java/lang/invoke/BoundMethodHandle$Species_LLLLLL
Event: 0.315 loading class java/lang/invoke/BoundMethodHandle$Species_LLLLLL done
Event: 0.317 loading class java/lang/invoke/BoundMethodHandle$Species_LLLLLLL
Event: 0.317 loading class java/lang/invoke/BoundMethodHandle$Species_LLLLLLL done
Event: 0.319 loading class java/lang/invoke/BoundMethodHandle$Species_LLLLLLLL
Event: 0.319 loading class java/lang/invoke/BoundMethodHandle$Species_LLLLLLLL done
Event: 0.320 loading class java/lang/invoke/BoundMethodHandle$Species_LLLLLLLLL
Event: 0.320 loading class java/lang/invoke/BoundMethodHandle$Species_LLLLLLLLL done


Dynamic libraries:
0x00007ff6448a0000 - 0x00007ff6448e7000 	D:\ProGram\bin\java.exe
0x00007ffc459d0000 - 0x00007ffc45bbd000 	C:\Windows\SYSTEM32\ntdll.dll
0x00007ffc42f30000 - 0x00007ffc42fe3000 	C:\Windows\System32\KERNEL32.DLL
0x00007ffc41be0000 - 0x00007ffc41e73000 	C:\Windows\System32\KERNELBASE.dll
0x00007ffc45290000 - 0x00007ffc45333000 	C:\Windows\System32\ADVAPI32.dll
0x00007ffc45900000 - 0x00007ffc4599e000 	C:\Windows\System32\msvcrt.dll
0x00007ffc42e80000 - 0x00007ffc42f1e000 	C:\Windows\System32\sechost.dll
0x00007ffc450b0000 - 0x00007ffc451d2000 	C:\Windows\System32\RPCRT4.dll
0x00007ffc42c20000 - 0x00007ffc42db7000 	C:\Windows\System32\USER32.dll
0x00007ffc42950000 - 0x00007ffc42970000 	C:\Windows\System32\win32u.dll
0x00007ffc43690000 - 0x00007ffc436b9000 	C:\Windows\System32\GDI32.dll
0x00007ffc41e80000 - 0x00007ffc42019000 	C:\Windows\System32\gdi32full.dll
0x00007ffc42970000 - 0x00007ffc42a10000 	C:\Windows\System32\msvcp_win.dll
0x00007ffc42850000 - 0x00007ffc4294a000 	C:\Windows\System32\ucrtbase.dll
0x00007ffc2bde0000 - 0x00007ffc2c059000 	C:\Windows\WinSxS\amd64_microsoft.windows.common-controls_6595b64144ccf1df_6.0.17763.1098_none_de762ed45346ee8a\COMCTL32.dll
0x00007ffc40550000 - 0x00007ffc4055a000 	C:\Windows\SYSTEM32\VERSION.dll
0x00007ffc42ff0000 - 0x00007ffc4331c000 	C:\Windows\System32\combase.dll
0x00007ffc41ab0000 - 0x00007ffc41b2e000 	C:\Windows\System32\bcryptPrimitives.dll
0x00007ffc42bf0000 - 0x00007ffc42c1e000 	C:\Windows\System32\IMM32.DLL
0x00007ffc40610000 - 0x00007ffc40626000 	D:\ProGram\bin\vcruntime140.dll
0x00007ffc36740000 - 0x00007ffc367ea000 	D:\ProGram\bin\msvcp140.dll
0x00007ffc15a70000 - 0x00007ffc16598000 	D:\ProGram\bin\server\jvm.dll
0x00007ffc43320000 - 0x00007ffc43328000 	C:\Windows\System32\PSAPI.DLL
0x00007ffc3f500000 - 0x00007ffc3f524000 	C:\Windows\SYSTEM32\WINMM.dll
0x00007ffc17830000 - 0x00007ffc17839000 	C:\Windows\SYSTEM32\WSOCK32.dll
0x00007ffc44cf0000 - 0x00007ffc44d5d000 	C:\Windows\System32\WS2_32.dll
0x00007ffc3f170000 - 0x00007ffc3f19d000 	C:\Windows\SYSTEM32\WINMMBASE.dll
0x00007ffc42050000 - 0x00007ffc4209a000 	C:\Windows\System32\cfgmgr32.dll
0x00007ffc41a40000 - 0x00007ffc41a51000 	C:\Windows\System32\kernel.appcore.dll
0x00007ffc40230000 - 0x00007ffc40241000 	D:\ProGram\bin\verify.dll
0x00007ffc32f90000 - 0x00007ffc3317d000 	C:\Windows\SYSTEM32\DBGHELP.DLL
0x00007ffc2f750000 - 0x00007ffc2f77a000 	C:\Windows\SYSTEM32\dbgcore.DLL
0x00007ffc404b0000 - 0x00007ffc404d9000 	D:\ProGram\bin\java.dll
0x00007ffc3f820000 - 0x00007ffc3f836000 	D:\ProGram\bin\zip.dll
0x00007ffc40600000 - 0x00007ffc4060a000 	D:\ProGram\bin\jimage.dll
0x00007ffc436c0000 - 0x00007ffc44bb4000 	C:\Windows\System32\SHELL32.dll
0x00007ffc451e0000 - 0x00007ffc45288000 	C:\Windows\System32\shcore.dll
0x00007ffc42100000 - 0x00007ffc4284d000 	C:\Windows\System32\windows.storage.dll
0x00007ffc41a60000 - 0x00007ffc41a84000 	C:\Windows\System32\profapi.dll
0x00007ffc419c0000 - 0x00007ffc41a1d000 	C:\Windows\System32\powrprof.dll
0x00007ffc457c0000 - 0x00007ffc45812000 	C:\Windows\System32\shlwapi.dll
0x00007ffc41a90000 - 0x00007ffc41aa7000 	C:\Windows\System32\cryptsp.dll
0x00007ffc27fe0000 - 0x00007ffc2817f000 	D:\ProGram\bin\awt.dll
0x00007ffc43560000 - 0x00007ffc43624000 	C:\Windows\System32\OLEAUT32.dll
0x00007ffc3e9d0000 - 0x00007ffc3ef8e000 	C:\Windows\SYSTEM32\d2d1.dll
0x00007ffc3f880000 - 0x00007ffc3f90c000 	C:\Windows\SYSTEM32\apphelp.dll

dbghelp: loaded successfully - version: 4.0.5 - missing functions: none
symbol engine: initialized successfully - sym options: 0x614 - pdb path: .;D:\ProGram\bin;C:\Windows\SYSTEM32;C:\Windows\WinSxS\amd64_microsoft.windows.common-controls_6595b64144ccf1df_6.0.17763.1098_none_de762ed45346ee8a;D:\ProGram\bin\server

VM Arguments:
jvm_args: -Dfile.encoding=UTF-8 
java_command: snackgame.Main
java_class_path (initial): C:\Users\COMPUTER\Documents\NetBeansProjects\SnackGame\build\classes
Launcher Type: SUN_STANDARD

[Global flags]
     intx CICompilerCount                          = 4                                         {product} {ergonomic}
     uint ConcGCThreads                            = 2                                         {product} {ergonomic}
     uint G1ConcRefinementThreads                  = 8                                         {product} {ergonomic}
   size_t G1HeapRegionSize                         = 1048576                                   {product} {ergonomic}
    uintx GCDrainStackTargetSize                   = 64                                        {product} {ergonomic}
   size_t InitialHeapSize                          = 100663296                                 {product} {ergonomic}
   size_t MarkStackSize                            = 4194304                                   {product} {ergonomic}
   size_t MaxHeapSize                              = 1595932672                                {product} {ergonomic}
   size_t MaxNewSize                               = 957349888                                 {product} {ergonomic}
   size_t MinHeapDeltaBytes                        = 1048576                                   {product} {ergonomic}
    uintx NonNMethodCodeHeapSize                   = 5836300                                {pd product} {ergonomic}
    uintx NonProfiledCodeHeapSize                  = 122910970                              {pd product} {ergonomic}
    uintx ProfiledCodeHeapSize                     = 122910970                              {pd product} {ergonomic}
    uintx ReservedCodeCacheSize                    = 251658240                              {pd product} {ergonomic}
     bool SegmentedCodeCache                       = true                                      {product} {ergonomic}
     bool UseCompressedClassPointers               = true                                 {lp64_product} {ergonomic}
     bool UseCompressedOops                        = true                                 {lp64_product} {ergonomic}
     bool UseG1GC                                  = true                                      {product} {ergonomic}
     bool UseLargePagesIndividualAllocation        = false                                  {pd product} {ergonomic}

Logging:
Log output configuration:
 #0: stdout all=warning uptime,level,tags
 #1: stderr all=off uptime,level,tags

Environment Variables:
PATH=C:\Windows\system32;C:\Windows;C:\Windows\System32\Wbem;C:\Windows\System32\WindowsPowerShell\v1.0\;C:\Windows\System32\OpenSSH\;C:\Program Files\dotnet\;C:\Program Files\Microsoft SQL Server\130\Tools\Binn\;C:\Users\COMPUTER\AppData\Local\Microsoft\WindowsApps;C:\Users\COMPUTER\AppData\Local\GitHubDesktop\bin;D:\ProGram\IntelliJ IDEA 2019.3.1\bin;;D:\ProGram\IntelliJ IDEA Community Edition 2019.3.1\bin;
USERNAME=COMPUTER
OS=Windows_NT
PROCESSOR_IDENTIFIER=AMD64 Family 23 Model 24 Stepping 1, AuthenticAMD



---------------  S Y S T E M  ---------------

OS: Windows 10 , 64 bit Build 17763 (10.0.17763.475)

CPU:total 8 (initial active 8) (8 cores per cpu, 2 threads per core) family 23 model 24 stepping 1, cmov, cx8, fxsr, mmx, sse, sse2, sse3, ssse3, sse4.1, sse4.2, popcnt, avx, avx2, aes, clmul, mmxext, 3dnowpref, lzcnt, sse4a, ht, tsc, tscinvbit, tscinv, bmi1, bmi2, adx, sha, fma

Memory: 4k page, system-wide physical 6082M (418M free)
TotalPageFile size 24514M (AvailPageFile size 0M)
current process WorkingSet (physical memory assigned to process): 36M, peak: 36M
current process commit charge ("private bytes"): 175M, peak: 175M

vm_info: Java HotSpot(TM) 64-Bit Server VM (11.0.5+10-LTS) for windows-amd64 JRE (11.0.5+10-LTS), built on Oct  6 2019 12:37:14 by "mach5one" with MS VC++ 15.5 (VS2017)

END.
